c:\dev\security\keylogger-master\windows\keylogger.win32\keylogger.win32\lua-5.4.2\src\release\lua-5.4.2.pdb
c:\dev\security\keylogger-master\windows\keylogger.win32\keylogger.win32\lua-5.4.2\src\release\lopcodes.obj
c:\dev\security\keylogger-master\windows\keylogger.win32\keylogger.win32\lua-5.4.2\src\release\lobject.obj
c:\dev\security\keylogger-master\windows\keylogger.win32\keylogger.win32\lua-5.4.2\src\release\loadlib.obj
c:\dev\security\keylogger-master\windows\keylogger.win32\keylogger.win32\lua-5.4.2\src\release\lmem.obj
c:\dev\security\keylogger-master\windows\keylogger.win32\keylogger.win32\lua-5.4.2\src\release\lmathlib.obj
c:\dev\security\keylogger-master\windows\keylogger.win32\keylogger.win32\lua-5.4.2\src\release\llex.obj
c:\dev\security\keylogger-master\windows\keylogger.win32\keylogger.win32\lua-5.4.2\src\release\liolib.obj
c:\dev\security\keylogger-master\windows\keylogger.win32\keylogger.win32\lua-5.4.2\src\release\linit.obj
c:\dev\security\keylogger-master\windows\keylogger.win32\keylogger.win32\lua-5.4.2\src\release\lgc.obj
c:\dev\security\keylogger-master\windows\keylogger.win32\keylogger.win32\lua-5.4.2\src\release\lfunc.obj
c:\dev\security\keylogger-master\windows\keylogger.win32\keylogger.win32\lua-5.4.2\src\release\ldump.obj
c:\dev\security\keylogger-master\windows\keylogger.win32\keylogger.win32\lua-5.4.2\src\release\ldo.obj
c:\dev\security\keylogger-master\windows\keylogger.win32\keylogger.win32\lua-5.4.2\src\release\ldebug.obj
c:\dev\security\keylogger-master\windows\keylogger.win32\keylogger.win32\lua-5.4.2\src\release\ldblib.obj
c:\dev\security\keylogger-master\windows\keylogger.win32\keylogger.win32\lua-5.4.2\src\release\lctype.obj
c:\dev\security\keylogger-master\windows\keylogger.win32\keylogger.win32\lua-5.4.2\src\release\lcorolib.obj
c:\dev\security\keylogger-master\windows\keylogger.win32\keylogger.win32\lua-5.4.2\src\release\lcode.obj
c:\dev\security\keylogger-master\windows\keylogger.win32\keylogger.win32\lua-5.4.2\src\release\lbaselib.obj
c:\dev\security\keylogger-master\windows\keylogger.win32\keylogger.win32\lua-5.4.2\src\release\lauxlib.obj
c:\dev\security\keylogger-master\windows\keylogger.win32\keylogger.win32\lua-5.4.2\src\release\lapi.obj
c:\dev\security\keylogger-master\windows\keylogger.win32\keylogger.win32\lua-5.4.2\src\release\lzio.obj
c:\dev\security\keylogger-master\windows\keylogger.win32\keylogger.win32\lua-5.4.2\src\release\lvm.obj
c:\dev\security\keylogger-master\windows\keylogger.win32\keylogger.win32\lua-5.4.2\src\release\lutf8lib.obj
c:\dev\security\keylogger-master\windows\keylogger.win32\keylogger.win32\lua-5.4.2\src\release\lundump.obj
c:\dev\security\keylogger-master\windows\keylogger.win32\keylogger.win32\lua-5.4.2\src\release\luac.obj
c:\dev\security\keylogger-master\windows\keylogger.win32\keylogger.win32\lua-5.4.2\src\release\lua.obj
c:\dev\security\keylogger-master\windows\keylogger.win32\keylogger.win32\lua-5.4.2\src\release\ltm.obj
c:\dev\security\keylogger-master\windows\keylogger.win32\keylogger.win32\lua-5.4.2\src\release\ltablib.obj
c:\dev\security\keylogger-master\windows\keylogger.win32\keylogger.win32\lua-5.4.2\src\release\ltable.obj
c:\dev\security\keylogger-master\windows\keylogger.win32\keylogger.win32\lua-5.4.2\src\release\lstrlib.obj
c:\dev\security\keylogger-master\windows\keylogger.win32\keylogger.win32\lua-5.4.2\src\release\lstring.obj
c:\dev\security\keylogger-master\windows\keylogger.win32\keylogger.win32\lua-5.4.2\src\release\lstate.obj
c:\dev\security\keylogger-master\windows\keylogger.win32\keylogger.win32\lua-5.4.2\src\release\lparser.obj
c:\dev\security\keylogger-master\windows\keylogger.win32\keylogger.win32\lua-5.4.2\src\release\loslib.obj
c:\dev\security\keylogger-master\windows\keylogger.win32\keylogger.win32\release\lua-5.4.2.lib
c:\dev\security\keylogger-master\windows\keylogger.win32\keylogger.win32\lua-5.4.2\src\release\lua-5.4.2.tlog\cl.command.1.tlog
c:\dev\security\keylogger-master\windows\keylogger.win32\keylogger.win32\lua-5.4.2\src\release\lua-5.4.2.tlog\cl.read.1.tlog
c:\dev\security\keylogger-master\windows\keylogger.win32\keylogger.win32\lua-5.4.2\src\release\lua-5.4.2.tlog\cl.write.1.tlog
c:\dev\security\keylogger-master\windows\keylogger.win32\keylogger.win32\lua-5.4.2\src\release\lua-5.4.2.tlog\lib-link.read.1.tlog
c:\dev\security\keylogger-master\windows\keylogger.win32\keylogger.win32\lua-5.4.2\src\release\lua-5.4.2.tlog\lib-link.write.1.tlog
c:\dev\security\keylogger-master\windows\keylogger.win32\keylogger.win32\lua-5.4.2\src\release\lua-5.4.2.tlog\lib.command.1.tlog
