c:\users\gerallt\downloads\libtomcrypt-develop\libtommath\msvc_win32_debug\intermediate\tommath.pdb
c:\users\gerallt\downloads\libtomcrypt-develop\libtommath\msvc_win32_debug\intermediate\tommath.idb
c:\users\gerallt\downloads\libtomcrypt-develop\libtommath\msvc_win32_debug\intermediate\s_mp_montgomery_reduce_comba.obj
c:\users\gerallt\downloads\libtomcrypt-develop\libtommath\msvc_win32_debug\intermediate\s_mp_mul.obj
c:\users\gerallt\downloads\libtomcrypt-develop\libtommath\msvc_win32_debug\intermediate\s_mp_mul_balance.obj
c:\users\gerallt\downloads\libtomcrypt-develop\libtommath\msvc_win32_debug\intermediate\s_mp_mul_comba.obj
c:\users\gerallt\downloads\libtomcrypt-develop\libtommath\msvc_win32_debug\intermediate\s_mp_mul_high.obj
c:\users\gerallt\downloads\libtomcrypt-develop\libtommath\msvc_win32_debug\intermediate\s_mp_mul_high_comba.obj
c:\users\gerallt\downloads\libtomcrypt-develop\libtommath\msvc_win32_debug\intermediate\s_mp_mul_karatsuba.obj
c:\users\gerallt\downloads\libtomcrypt-develop\libtommath\msvc_win32_debug\intermediate\s_mp_mul_toom.obj
c:\users\gerallt\downloads\libtomcrypt-develop\libtommath\msvc_win32_debug\intermediate\s_mp_prime_is_divisible.obj
c:\users\gerallt\downloads\libtomcrypt-develop\libtommath\msvc_win32_debug\intermediate\s_mp_prime_tab.obj
c:\users\gerallt\downloads\libtomcrypt-develop\libtommath\msvc_win32_debug\intermediate\s_mp_radix_map.obj
c:\users\gerallt\downloads\libtomcrypt-develop\libtommath\msvc_win32_debug\intermediate\s_mp_radix_size_overestimate.obj
c:\users\gerallt\downloads\libtomcrypt-develop\libtommath\msvc_win32_debug\intermediate\s_mp_rand_platform.obj
c:\users\gerallt\downloads\libtomcrypt-develop\libtommath\msvc_win32_debug\intermediate\s_mp_sqr.obj
c:\users\gerallt\downloads\libtomcrypt-develop\libtommath\msvc_win32_debug\intermediate\s_mp_sqr_comba.obj
c:\users\gerallt\downloads\libtomcrypt-develop\libtommath\msvc_win32_debug\intermediate\s_mp_sqr_karatsuba.obj
c:\users\gerallt\downloads\libtomcrypt-develop\libtommath\msvc_win32_debug\intermediate\s_mp_sqr_toom.obj
c:\users\gerallt\downloads\libtomcrypt-develop\libtommath\msvc_win32_debug\intermediate\s_mp_sub.obj
c:\users\gerallt\downloads\libtomcrypt-develop\libtommath\msvc_win32_debug\intermediate\s_mp_zero_buf.obj
c:\users\gerallt\downloads\libtomcrypt-develop\libtommath\msvc_win32_debug\intermediate\s_mp_zero_digs.obj
c:\users\gerallt\downloads\libtomcrypt-develop\libtommath\msvc_win32_debug\intermediate\mp_to_sbin.obj
c:\users\gerallt\downloads\libtomcrypt-develop\libtommath\msvc_win32_debug\intermediate\mp_to_ubin.obj
c:\users\gerallt\downloads\libtomcrypt-develop\libtommath\msvc_win32_debug\intermediate\mp_ubin_size.obj
c:\users\gerallt\downloads\libtomcrypt-develop\libtommath\msvc_win32_debug\intermediate\mp_unpack.obj
c:\users\gerallt\downloads\libtomcrypt-develop\libtommath\msvc_win32_debug\intermediate\mp_xor.obj
c:\users\gerallt\downloads\libtomcrypt-develop\libtommath\msvc_win32_debug\intermediate\mp_zero.obj
c:\users\gerallt\downloads\libtomcrypt-develop\libtommath\msvc_win32_debug\intermediate\s_mp_add.obj
c:\users\gerallt\downloads\libtomcrypt-develop\libtommath\msvc_win32_debug\intermediate\s_mp_copy_digs.obj
c:\users\gerallt\downloads\libtomcrypt-develop\libtommath\msvc_win32_debug\intermediate\s_mp_div_3.obj
c:\users\gerallt\downloads\libtomcrypt-develop\libtommath\msvc_win32_debug\intermediate\s_mp_div_recursive.obj
c:\users\gerallt\downloads\libtomcrypt-develop\libtommath\msvc_win32_debug\intermediate\s_mp_div_school.obj
c:\users\gerallt\downloads\libtomcrypt-develop\libtommath\msvc_win32_debug\intermediate\s_mp_div_small.obj
c:\users\gerallt\downloads\libtomcrypt-develop\libtommath\msvc_win32_debug\intermediate\s_mp_exptmod.obj
c:\users\gerallt\downloads\libtomcrypt-develop\libtommath\msvc_win32_debug\intermediate\s_mp_exptmod_fast.obj
c:\users\gerallt\downloads\libtomcrypt-develop\libtommath\msvc_win32_debug\intermediate\s_mp_get_bit.obj
c:\users\gerallt\downloads\libtomcrypt-develop\libtommath\msvc_win32_debug\intermediate\s_mp_invmod.obj
c:\users\gerallt\downloads\libtomcrypt-develop\libtommath\msvc_win32_debug\intermediate\s_mp_invmod_odd.obj
c:\users\gerallt\downloads\libtomcrypt-develop\libtommath\msvc_win32_debug\intermediate\s_mp_log.obj
c:\users\gerallt\downloads\libtomcrypt-develop\libtommath\msvc_win32_debug\intermediate\s_mp_log_2expt.obj
c:\users\gerallt\downloads\libtomcrypt-develop\libtommath\msvc_win32_debug\intermediate\s_mp_log_d.obj
c:\users\gerallt\downloads\libtomcrypt-develop\libtommath\msvc_win32_debug\intermediate\mp_root_n.obj
c:\users\gerallt\downloads\libtomcrypt-develop\libtommath\msvc_win32_debug\intermediate\mp_rshd.obj
c:\users\gerallt\downloads\libtomcrypt-develop\libtommath\msvc_win32_debug\intermediate\mp_sbin_size.obj
c:\users\gerallt\downloads\libtomcrypt-develop\libtommath\msvc_win32_debug\intermediate\mp_set.obj
c:\users\gerallt\downloads\libtomcrypt-develop\libtommath\msvc_win32_debug\intermediate\mp_set_double.obj
c:\users\gerallt\downloads\libtomcrypt-develop\libtommath\msvc_win32_debug\intermediate\mp_set_i32.obj
c:\users\gerallt\downloads\libtomcrypt-develop\libtommath\msvc_win32_debug\intermediate\mp_set_i64.obj
c:\users\gerallt\downloads\libtomcrypt-develop\libtommath\msvc_win32_debug\intermediate\mp_set_l.obj
c:\users\gerallt\downloads\libtomcrypt-develop\libtommath\msvc_win32_debug\intermediate\mp_set_u32.obj
c:\users\gerallt\downloads\libtomcrypt-develop\libtommath\msvc_win32_debug\intermediate\mp_set_u64.obj
c:\users\gerallt\downloads\libtomcrypt-develop\libtommath\msvc_win32_debug\intermediate\mp_set_ul.obj
c:\users\gerallt\downloads\libtomcrypt-develop\libtommath\msvc_win32_debug\intermediate\mp_shrink.obj
c:\users\gerallt\downloads\libtomcrypt-develop\libtommath\msvc_win32_debug\intermediate\mp_signed_rsh.obj
c:\users\gerallt\downloads\libtomcrypt-develop\libtommath\msvc_win32_debug\intermediate\mp_sqrmod.obj
c:\users\gerallt\downloads\libtomcrypt-develop\libtommath\msvc_win32_debug\intermediate\mp_sqrt.obj
c:\users\gerallt\downloads\libtomcrypt-develop\libtommath\msvc_win32_debug\intermediate\mp_sqrtmod_prime.obj
c:\users\gerallt\downloads\libtomcrypt-develop\libtommath\msvc_win32_debug\intermediate\mp_sub.obj
c:\users\gerallt\downloads\libtomcrypt-develop\libtommath\msvc_win32_debug\intermediate\mp_submod.obj
c:\users\gerallt\downloads\libtomcrypt-develop\libtommath\msvc_win32_debug\intermediate\mp_sub_d.obj
c:\users\gerallt\downloads\libtomcrypt-develop\libtommath\msvc_win32_debug\intermediate\mp_to_radix.obj
c:\users\gerallt\downloads\libtomcrypt-develop\libtommath\msvc_win32_debug\intermediate\mp_prime_frobenius_underwood.obj
c:\users\gerallt\downloads\libtomcrypt-develop\libtommath\msvc_win32_debug\intermediate\mp_prime_is_prime.obj
c:\users\gerallt\downloads\libtomcrypt-develop\libtommath\msvc_win32_debug\intermediate\mp_prime_miller_rabin.obj
c:\users\gerallt\downloads\libtomcrypt-develop\libtommath\msvc_win32_debug\intermediate\mp_prime_next_prime.obj
c:\users\gerallt\downloads\libtomcrypt-develop\libtommath\msvc_win32_debug\intermediate\mp_prime_rabin_miller_trials.obj
c:\users\gerallt\downloads\libtomcrypt-develop\libtommath\msvc_win32_debug\intermediate\mp_prime_rand.obj
c:\users\gerallt\downloads\libtomcrypt-develop\libtommath\msvc_win32_debug\intermediate\mp_prime_strong_lucas_selfridge.obj
c:\users\gerallt\downloads\libtomcrypt-develop\libtommath\msvc_win32_debug\intermediate\mp_radix_size.obj
c:\users\gerallt\downloads\libtomcrypt-develop\libtommath\msvc_win32_debug\intermediate\mp_radix_size_overestimate.obj
c:\users\gerallt\downloads\libtomcrypt-develop\libtommath\msvc_win32_debug\intermediate\mp_rand.obj
c:\users\gerallt\downloads\libtomcrypt-develop\libtommath\msvc_win32_debug\intermediate\mp_rand_source.obj
c:\users\gerallt\downloads\libtomcrypt-develop\libtommath\msvc_win32_debug\intermediate\mp_read_radix.obj
c:\users\gerallt\downloads\libtomcrypt-develop\libtommath\msvc_win32_debug\intermediate\mp_reduce.obj
c:\users\gerallt\downloads\libtomcrypt-develop\libtommath\msvc_win32_debug\intermediate\mp_reduce_2k.obj
c:\users\gerallt\downloads\libtomcrypt-develop\libtommath\msvc_win32_debug\intermediate\mp_reduce_2k_l.obj
c:\users\gerallt\downloads\libtomcrypt-develop\libtommath\msvc_win32_debug\intermediate\mp_reduce_2k_setup.obj
c:\users\gerallt\downloads\libtomcrypt-develop\libtommath\msvc_win32_debug\intermediate\mp_reduce_2k_setup_l.obj
c:\users\gerallt\downloads\libtomcrypt-develop\libtommath\msvc_win32_debug\intermediate\mp_reduce_is_2k.obj
c:\users\gerallt\downloads\libtomcrypt-develop\libtommath\msvc_win32_debug\intermediate\mp_reduce_is_2k_l.obj
c:\users\gerallt\downloads\libtomcrypt-develop\libtommath\msvc_win32_debug\intermediate\mp_reduce_setup.obj
c:\users\gerallt\downloads\libtomcrypt-develop\libtommath\msvc_win32_debug\intermediate\mp_is_square.obj
c:\users\gerallt\downloads\libtomcrypt-develop\libtommath\msvc_win32_debug\intermediate\mp_kronecker.obj
c:\users\gerallt\downloads\libtomcrypt-develop\libtommath\msvc_win32_debug\intermediate\mp_lcm.obj
c:\users\gerallt\downloads\libtomcrypt-develop\libtommath\msvc_win32_debug\intermediate\mp_log_n.obj
c:\users\gerallt\downloads\libtomcrypt-develop\libtommath\msvc_win32_debug\intermediate\mp_lshd.obj
c:\users\gerallt\downloads\libtomcrypt-develop\libtommath\msvc_win32_debug\intermediate\mp_mod.obj
c:\users\gerallt\downloads\libtomcrypt-develop\libtommath\msvc_win32_debug\intermediate\mp_mod_2d.obj
c:\users\gerallt\downloads\libtomcrypt-develop\libtommath\msvc_win32_debug\intermediate\mp_montgomery_calc_normalization.obj
c:\users\gerallt\downloads\libtomcrypt-develop\libtommath\msvc_win32_debug\intermediate\mp_montgomery_reduce.obj
c:\users\gerallt\downloads\libtomcrypt-develop\libtommath\msvc_win32_debug\intermediate\mp_montgomery_setup.obj
c:\users\gerallt\downloads\libtomcrypt-develop\libtommath\msvc_win32_debug\intermediate\mp_mul.obj
c:\users\gerallt\downloads\libtomcrypt-develop\libtommath\msvc_win32_debug\intermediate\mp_mulmod.obj
c:\users\gerallt\downloads\libtomcrypt-develop\libtommath\msvc_win32_debug\intermediate\mp_mul_2.obj
c:\users\gerallt\downloads\libtomcrypt-develop\libtommath\msvc_win32_debug\intermediate\mp_mul_2d.obj
c:\users\gerallt\downloads\libtomcrypt-develop\libtommath\msvc_win32_debug\intermediate\mp_mul_d.obj
c:\users\gerallt\downloads\libtomcrypt-develop\libtommath\msvc_win32_debug\intermediate\mp_neg.obj
c:\users\gerallt\downloads\libtomcrypt-develop\libtommath\msvc_win32_debug\intermediate\mp_or.obj
c:\users\gerallt\downloads\libtomcrypt-develop\libtommath\msvc_win32_debug\intermediate\mp_pack.obj
c:\users\gerallt\downloads\libtomcrypt-develop\libtommath\msvc_win32_debug\intermediate\mp_pack_count.obj
c:\users\gerallt\downloads\libtomcrypt-develop\libtommath\msvc_win32_debug\intermediate\mp_prime_fermat.obj
c:\users\gerallt\downloads\libtomcrypt-develop\libtommath\msvc_win32_debug\intermediate\mp_get_double.obj
c:\users\gerallt\downloads\libtomcrypt-develop\libtommath\msvc_win32_debug\intermediate\mp_get_i32.obj
c:\users\gerallt\downloads\libtomcrypt-develop\libtommath\msvc_win32_debug\intermediate\mp_get_i64.obj
c:\users\gerallt\downloads\libtomcrypt-develop\libtommath\msvc_win32_debug\intermediate\mp_get_l.obj
c:\users\gerallt\downloads\libtomcrypt-develop\libtommath\msvc_win32_debug\intermediate\mp_get_mag_u32.obj
c:\users\gerallt\downloads\libtomcrypt-develop\libtommath\msvc_win32_debug\intermediate\mp_get_mag_u64.obj
c:\users\gerallt\downloads\libtomcrypt-develop\libtommath\msvc_win32_debug\intermediate\mp_get_mag_ul.obj
c:\users\gerallt\downloads\libtomcrypt-develop\libtommath\msvc_win32_debug\intermediate\mp_grow.obj
c:\users\gerallt\downloads\libtomcrypt-develop\libtommath\msvc_win32_debug\intermediate\mp_init.obj
c:\users\gerallt\downloads\libtomcrypt-develop\libtommath\msvc_win32_debug\intermediate\mp_init_copy.obj
c:\users\gerallt\downloads\libtomcrypt-develop\libtommath\msvc_win32_debug\intermediate\mp_init_i32.obj
c:\users\gerallt\downloads\libtomcrypt-develop\libtommath\msvc_win32_debug\intermediate\mp_init_i64.obj
c:\users\gerallt\downloads\libtomcrypt-develop\libtommath\msvc_win32_debug\intermediate\mp_init_l.obj
c:\users\gerallt\downloads\libtomcrypt-develop\libtommath\msvc_win32_debug\intermediate\mp_init_multi.obj
c:\users\gerallt\downloads\libtomcrypt-develop\libtommath\msvc_win32_debug\intermediate\mp_init_set.obj
c:\users\gerallt\downloads\libtomcrypt-develop\libtommath\msvc_win32_debug\intermediate\mp_init_size.obj
c:\users\gerallt\downloads\libtomcrypt-develop\libtommath\msvc_win32_debug\intermediate\mp_init_u32.obj
c:\users\gerallt\downloads\libtomcrypt-develop\libtommath\msvc_win32_debug\intermediate\mp_init_u64.obj
c:\users\gerallt\downloads\libtomcrypt-develop\libtommath\msvc_win32_debug\intermediate\mp_init_ul.obj
c:\users\gerallt\downloads\libtomcrypt-develop\libtommath\msvc_win32_debug\intermediate\mp_invmod.obj
c:\users\gerallt\downloads\libtomcrypt-develop\libtommath\msvc_win32_debug\intermediate\mp_copy.obj
c:\users\gerallt\downloads\libtomcrypt-develop\libtommath\msvc_win32_debug\intermediate\mp_count_bits.obj
c:\users\gerallt\downloads\libtomcrypt-develop\libtommath\msvc_win32_debug\intermediate\mp_cutoffs.obj
c:\users\gerallt\downloads\libtomcrypt-develop\libtommath\msvc_win32_debug\intermediate\mp_div.obj
c:\users\gerallt\downloads\libtomcrypt-develop\libtommath\msvc_win32_debug\intermediate\mp_div_2.obj
c:\users\gerallt\downloads\libtomcrypt-develop\libtommath\msvc_win32_debug\intermediate\mp_div_2d.obj
c:\users\gerallt\downloads\libtomcrypt-develop\libtommath\msvc_win32_debug\intermediate\mp_div_d.obj
c:\users\gerallt\downloads\libtomcrypt-develop\libtommath\msvc_win32_debug\intermediate\mp_dr_is_modulus.obj
c:\users\gerallt\downloads\libtomcrypt-develop\libtommath\msvc_win32_debug\intermediate\mp_dr_reduce.obj
c:\users\gerallt\downloads\libtomcrypt-develop\libtommath\msvc_win32_debug\intermediate\mp_dr_setup.obj
c:\users\gerallt\downloads\libtomcrypt-develop\libtommath\msvc_win32_debug\intermediate\mp_error_to_string.obj
c:\users\gerallt\downloads\libtomcrypt-develop\libtommath\msvc_win32_debug\intermediate\mp_exch.obj
c:\users\gerallt\downloads\libtomcrypt-develop\libtommath\msvc_win32_debug\intermediate\mp_exptmod.obj
c:\users\gerallt\downloads\libtomcrypt-develop\libtommath\msvc_win32_debug\intermediate\mp_expt_n.obj
c:\users\gerallt\downloads\libtomcrypt-develop\libtommath\msvc_win32_debug\intermediate\mp_exteuclid.obj
c:\users\gerallt\downloads\libtomcrypt-develop\libtommath\msvc_win32_debug\intermediate\mp_fread.obj
c:\users\gerallt\downloads\libtomcrypt-develop\libtommath\msvc_win32_debug\intermediate\mp_from_sbin.obj
c:\users\gerallt\downloads\libtomcrypt-develop\libtommath\msvc_win32_debug\intermediate\mp_from_ubin.obj
c:\users\gerallt\downloads\libtomcrypt-develop\libtommath\msvc_win32_debug\intermediate\mp_fwrite.obj
c:\users\gerallt\downloads\libtomcrypt-develop\libtommath\msvc_win32_debug\intermediate\mp_gcd.obj
c:\users\gerallt\downloads\libtomcrypt-develop\libtommath\msvc_win32_debug\intermediate\mp_2expt.obj
c:\users\gerallt\downloads\libtomcrypt-develop\libtommath\msvc_win32_debug\intermediate\mp_abs.obj
c:\users\gerallt\downloads\libtomcrypt-develop\libtommath\msvc_win32_debug\intermediate\mp_add.obj
c:\users\gerallt\downloads\libtomcrypt-develop\libtommath\msvc_win32_debug\intermediate\mp_addmod.obj
c:\users\gerallt\downloads\libtomcrypt-develop\libtommath\msvc_win32_debug\intermediate\mp_add_d.obj
c:\users\gerallt\downloads\libtomcrypt-develop\libtommath\msvc_win32_debug\intermediate\mp_and.obj
c:\users\gerallt\downloads\libtomcrypt-develop\libtommath\msvc_win32_debug\intermediate\mp_clamp.obj
c:\users\gerallt\downloads\libtomcrypt-develop\libtommath\msvc_win32_debug\intermediate\mp_clear.obj
c:\users\gerallt\downloads\libtomcrypt-develop\libtommath\msvc_win32_debug\intermediate\mp_clear_multi.obj
c:\users\gerallt\downloads\libtomcrypt-develop\libtommath\msvc_win32_debug\intermediate\mp_cmp.obj
c:\users\gerallt\downloads\libtomcrypt-develop\libtommath\msvc_win32_debug\intermediate\mp_cmp_d.obj
c:\users\gerallt\downloads\libtomcrypt-develop\libtommath\msvc_win32_debug\intermediate\mp_cmp_mag.obj
c:\users\gerallt\downloads\libtomcrypt-develop\libtommath\msvc_win32_debug\intermediate\mp_cnt_lsb.obj
c:\users\gerallt\downloads\libtomcrypt-develop\libtommath\msvc_win32_debug\intermediate\mp_complement.obj
c:\users\gerallt\downloads\libtomcrypt-develop\libtommath\msvc_win32_debug\tommath.lib
c:\dev\security\keylogger-master\windows\keylogger.win32\keylogger.win32\libtomcrypt-develop\libtommath\msvc_win32_debug\intermediate\mp_2expt.obj
c:\dev\security\keylogger-master\windows\keylogger.win32\keylogger.win32\libtomcrypt-develop\libtommath\msvc_win32_debug\intermediate\mp_abs.obj
c:\dev\security\keylogger-master\windows\keylogger.win32\keylogger.win32\libtomcrypt-develop\libtommath\msvc_win32_debug\intermediate\mp_add.obj
c:\dev\security\keylogger-master\windows\keylogger.win32\keylogger.win32\libtomcrypt-develop\libtommath\msvc_win32_debug\intermediate\mp_addmod.obj
c:\dev\security\keylogger-master\windows\keylogger.win32\keylogger.win32\libtomcrypt-develop\libtommath\msvc_win32_debug\intermediate\mp_add_d.obj
c:\dev\security\keylogger-master\windows\keylogger.win32\keylogger.win32\libtomcrypt-develop\libtommath\msvc_win32_debug\intermediate\mp_and.obj
c:\dev\security\keylogger-master\windows\keylogger.win32\keylogger.win32\libtomcrypt-develop\libtommath\msvc_win32_debug\intermediate\mp_clamp.obj
c:\dev\security\keylogger-master\windows\keylogger.win32\keylogger.win32\libtomcrypt-develop\libtommath\msvc_win32_debug\intermediate\mp_clear.obj
c:\dev\security\keylogger-master\windows\keylogger.win32\keylogger.win32\libtomcrypt-develop\libtommath\msvc_win32_debug\intermediate\mp_clear_multi.obj
c:\dev\security\keylogger-master\windows\keylogger.win32\keylogger.win32\libtomcrypt-develop\libtommath\msvc_win32_debug\intermediate\mp_cmp.obj
c:\dev\security\keylogger-master\windows\keylogger.win32\keylogger.win32\libtomcrypt-develop\libtommath\msvc_win32_debug\intermediate\mp_cmp_d.obj
c:\dev\security\keylogger-master\windows\keylogger.win32\keylogger.win32\libtomcrypt-develop\libtommath\msvc_win32_debug\intermediate\mp_cmp_mag.obj
c:\dev\security\keylogger-master\windows\keylogger.win32\keylogger.win32\libtomcrypt-develop\libtommath\msvc_win32_debug\intermediate\mp_cnt_lsb.obj
c:\dev\security\keylogger-master\windows\keylogger.win32\keylogger.win32\libtomcrypt-develop\libtommath\msvc_win32_debug\intermediate\mp_complement.obj
c:\dev\security\keylogger-master\windows\keylogger.win32\keylogger.win32\libtomcrypt-develop\libtommath\msvc_win32_debug\intermediate\mp_copy.obj
c:\dev\security\keylogger-master\windows\keylogger.win32\keylogger.win32\libtomcrypt-develop\libtommath\msvc_win32_debug\intermediate\mp_count_bits.obj
c:\dev\security\keylogger-master\windows\keylogger.win32\keylogger.win32\libtomcrypt-develop\libtommath\msvc_win32_debug\intermediate\mp_cutoffs.obj
c:\dev\security\keylogger-master\windows\keylogger.win32\keylogger.win32\libtomcrypt-develop\libtommath\msvc_win32_debug\intermediate\mp_div.obj
c:\dev\security\keylogger-master\windows\keylogger.win32\keylogger.win32\libtomcrypt-develop\libtommath\msvc_win32_debug\intermediate\mp_div_2.obj
c:\dev\security\keylogger-master\windows\keylogger.win32\keylogger.win32\libtomcrypt-develop\libtommath\msvc_win32_debug\intermediate\mp_div_2d.obj
c:\dev\security\keylogger-master\windows\keylogger.win32\keylogger.win32\libtomcrypt-develop\libtommath\msvc_win32_debug\intermediate\mp_div_d.obj
c:\dev\security\keylogger-master\windows\keylogger.win32\keylogger.win32\libtomcrypt-develop\libtommath\msvc_win32_debug\intermediate\mp_dr_is_modulus.obj
c:\dev\security\keylogger-master\windows\keylogger.win32\keylogger.win32\libtomcrypt-develop\libtommath\msvc_win32_debug\intermediate\mp_dr_reduce.obj
c:\dev\security\keylogger-master\windows\keylogger.win32\keylogger.win32\libtomcrypt-develop\libtommath\msvc_win32_debug\intermediate\mp_dr_setup.obj
c:\dev\security\keylogger-master\windows\keylogger.win32\keylogger.win32\libtomcrypt-develop\libtommath\msvc_win32_debug\intermediate\mp_error_to_string.obj
c:\dev\security\keylogger-master\windows\keylogger.win32\keylogger.win32\libtomcrypt-develop\libtommath\msvc_win32_debug\intermediate\mp_exch.obj
c:\dev\security\keylogger-master\windows\keylogger.win32\keylogger.win32\libtomcrypt-develop\libtommath\msvc_win32_debug\intermediate\mp_exptmod.obj
c:\dev\security\keylogger-master\windows\keylogger.win32\keylogger.win32\libtomcrypt-develop\libtommath\msvc_win32_debug\intermediate\mp_expt_n.obj
c:\dev\security\keylogger-master\windows\keylogger.win32\keylogger.win32\libtomcrypt-develop\libtommath\msvc_win32_debug\intermediate\mp_exteuclid.obj
c:\dev\security\keylogger-master\windows\keylogger.win32\keylogger.win32\libtomcrypt-develop\libtommath\msvc_win32_debug\intermediate\mp_fread.obj
c:\dev\security\keylogger-master\windows\keylogger.win32\keylogger.win32\libtomcrypt-develop\libtommath\msvc_win32_debug\intermediate\mp_from_sbin.obj
c:\dev\security\keylogger-master\windows\keylogger.win32\keylogger.win32\libtomcrypt-develop\libtommath\msvc_win32_debug\intermediate\mp_from_ubin.obj
c:\dev\security\keylogger-master\windows\keylogger.win32\keylogger.win32\libtomcrypt-develop\libtommath\msvc_win32_debug\intermediate\mp_fwrite.obj
c:\dev\security\keylogger-master\windows\keylogger.win32\keylogger.win32\libtomcrypt-develop\libtommath\msvc_win32_debug\intermediate\mp_gcd.obj
c:\dev\security\keylogger-master\windows\keylogger.win32\keylogger.win32\libtomcrypt-develop\libtommath\msvc_win32_debug\intermediate\mp_get_double.obj
c:\dev\security\keylogger-master\windows\keylogger.win32\keylogger.win32\libtomcrypt-develop\libtommath\msvc_win32_debug\intermediate\mp_get_i32.obj
c:\dev\security\keylogger-master\windows\keylogger.win32\keylogger.win32\libtomcrypt-develop\libtommath\msvc_win32_debug\intermediate\mp_get_i64.obj
c:\dev\security\keylogger-master\windows\keylogger.win32\keylogger.win32\libtomcrypt-develop\libtommath\msvc_win32_debug\intermediate\mp_get_l.obj
c:\dev\security\keylogger-master\windows\keylogger.win32\keylogger.win32\libtomcrypt-develop\libtommath\msvc_win32_debug\intermediate\mp_get_mag_u32.obj
c:\dev\security\keylogger-master\windows\keylogger.win32\keylogger.win32\libtomcrypt-develop\libtommath\msvc_win32_debug\intermediate\mp_get_mag_u64.obj
c:\dev\security\keylogger-master\windows\keylogger.win32\keylogger.win32\libtomcrypt-develop\libtommath\msvc_win32_debug\intermediate\mp_get_mag_ul.obj
c:\dev\security\keylogger-master\windows\keylogger.win32\keylogger.win32\libtomcrypt-develop\libtommath\msvc_win32_debug\intermediate\mp_grow.obj
c:\dev\security\keylogger-master\windows\keylogger.win32\keylogger.win32\libtomcrypt-develop\libtommath\msvc_win32_debug\intermediate\mp_init.obj
c:\dev\security\keylogger-master\windows\keylogger.win32\keylogger.win32\libtomcrypt-develop\libtommath\msvc_win32_debug\intermediate\mp_init_copy.obj
c:\dev\security\keylogger-master\windows\keylogger.win32\keylogger.win32\libtomcrypt-develop\libtommath\msvc_win32_debug\intermediate\mp_init_i32.obj
c:\dev\security\keylogger-master\windows\keylogger.win32\keylogger.win32\libtomcrypt-develop\libtommath\msvc_win32_debug\intermediate\mp_init_i64.obj
c:\dev\security\keylogger-master\windows\keylogger.win32\keylogger.win32\libtomcrypt-develop\libtommath\msvc_win32_debug\intermediate\mp_init_l.obj
c:\dev\security\keylogger-master\windows\keylogger.win32\keylogger.win32\libtomcrypt-develop\libtommath\msvc_win32_debug\intermediate\mp_init_multi.obj
c:\dev\security\keylogger-master\windows\keylogger.win32\keylogger.win32\libtomcrypt-develop\libtommath\msvc_win32_debug\intermediate\mp_init_set.obj
c:\dev\security\keylogger-master\windows\keylogger.win32\keylogger.win32\libtomcrypt-develop\libtommath\msvc_win32_debug\intermediate\mp_init_size.obj
c:\dev\security\keylogger-master\windows\keylogger.win32\keylogger.win32\libtomcrypt-develop\libtommath\msvc_win32_debug\intermediate\mp_init_u32.obj
c:\dev\security\keylogger-master\windows\keylogger.win32\keylogger.win32\libtomcrypt-develop\libtommath\msvc_win32_debug\intermediate\mp_init_u64.obj
c:\dev\security\keylogger-master\windows\keylogger.win32\keylogger.win32\libtomcrypt-develop\libtommath\msvc_win32_debug\intermediate\mp_init_ul.obj
c:\dev\security\keylogger-master\windows\keylogger.win32\keylogger.win32\libtomcrypt-develop\libtommath\msvc_win32_debug\intermediate\mp_invmod.obj
c:\dev\security\keylogger-master\windows\keylogger.win32\keylogger.win32\libtomcrypt-develop\libtommath\msvc_win32_debug\intermediate\mp_is_square.obj
c:\dev\security\keylogger-master\windows\keylogger.win32\keylogger.win32\libtomcrypt-develop\libtommath\msvc_win32_debug\intermediate\mp_kronecker.obj
c:\dev\security\keylogger-master\windows\keylogger.win32\keylogger.win32\libtomcrypt-develop\libtommath\msvc_win32_debug\intermediate\mp_lcm.obj
c:\dev\security\keylogger-master\windows\keylogger.win32\keylogger.win32\libtomcrypt-develop\libtommath\msvc_win32_debug\intermediate\mp_log_n.obj
c:\dev\security\keylogger-master\windows\keylogger.win32\keylogger.win32\libtomcrypt-develop\libtommath\msvc_win32_debug\intermediate\mp_lshd.obj
c:\dev\security\keylogger-master\windows\keylogger.win32\keylogger.win32\libtomcrypt-develop\libtommath\msvc_win32_debug\intermediate\mp_mod.obj
c:\dev\security\keylogger-master\windows\keylogger.win32\keylogger.win32\libtomcrypt-develop\libtommath\msvc_win32_debug\intermediate\mp_mod_2d.obj
c:\dev\security\keylogger-master\windows\keylogger.win32\keylogger.win32\libtomcrypt-develop\libtommath\msvc_win32_debug\intermediate\mp_montgomery_calc_normalization.obj
c:\dev\security\keylogger-master\windows\keylogger.win32\keylogger.win32\libtomcrypt-develop\libtommath\msvc_win32_debug\intermediate\mp_montgomery_reduce.obj
c:\dev\security\keylogger-master\windows\keylogger.win32\keylogger.win32\libtomcrypt-develop\libtommath\msvc_win32_debug\intermediate\mp_montgomery_setup.obj
c:\dev\security\keylogger-master\windows\keylogger.win32\keylogger.win32\libtomcrypt-develop\libtommath\msvc_win32_debug\intermediate\mp_mul.obj
c:\dev\security\keylogger-master\windows\keylogger.win32\keylogger.win32\libtomcrypt-develop\libtommath\msvc_win32_debug\intermediate\mp_mulmod.obj
c:\dev\security\keylogger-master\windows\keylogger.win32\keylogger.win32\libtomcrypt-develop\libtommath\msvc_win32_debug\intermediate\mp_mul_2.obj
c:\dev\security\keylogger-master\windows\keylogger.win32\keylogger.win32\libtomcrypt-develop\libtommath\msvc_win32_debug\intermediate\mp_mul_2d.obj
c:\dev\security\keylogger-master\windows\keylogger.win32\keylogger.win32\libtomcrypt-develop\libtommath\msvc_win32_debug\intermediate\mp_mul_d.obj
c:\dev\security\keylogger-master\windows\keylogger.win32\keylogger.win32\libtomcrypt-develop\libtommath\msvc_win32_debug\intermediate\mp_neg.obj
c:\dev\security\keylogger-master\windows\keylogger.win32\keylogger.win32\libtomcrypt-develop\libtommath\msvc_win32_debug\intermediate\mp_or.obj
c:\dev\security\keylogger-master\windows\keylogger.win32\keylogger.win32\libtomcrypt-develop\libtommath\msvc_win32_debug\intermediate\mp_pack.obj
c:\dev\security\keylogger-master\windows\keylogger.win32\keylogger.win32\libtomcrypt-develop\libtommath\msvc_win32_debug\intermediate\mp_pack_count.obj
c:\dev\security\keylogger-master\windows\keylogger.win32\keylogger.win32\libtomcrypt-develop\libtommath\msvc_win32_debug\intermediate\mp_prime_fermat.obj
c:\dev\security\keylogger-master\windows\keylogger.win32\keylogger.win32\libtomcrypt-develop\libtommath\msvc_win32_debug\intermediate\mp_prime_frobenius_underwood.obj
c:\dev\security\keylogger-master\windows\keylogger.win32\keylogger.win32\libtomcrypt-develop\libtommath\msvc_win32_debug\intermediate\mp_prime_is_prime.obj
c:\dev\security\keylogger-master\windows\keylogger.win32\keylogger.win32\libtomcrypt-develop\libtommath\msvc_win32_debug\intermediate\mp_prime_miller_rabin.obj
c:\dev\security\keylogger-master\windows\keylogger.win32\keylogger.win32\libtomcrypt-develop\libtommath\msvc_win32_debug\intermediate\mp_prime_next_prime.obj
c:\dev\security\keylogger-master\windows\keylogger.win32\keylogger.win32\libtomcrypt-develop\libtommath\msvc_win32_debug\intermediate\mp_prime_rabin_miller_trials.obj
c:\dev\security\keylogger-master\windows\keylogger.win32\keylogger.win32\libtomcrypt-develop\libtommath\msvc_win32_debug\intermediate\mp_prime_rand.obj
c:\dev\security\keylogger-master\windows\keylogger.win32\keylogger.win32\libtomcrypt-develop\libtommath\msvc_win32_debug\intermediate\mp_prime_strong_lucas_selfridge.obj
c:\dev\security\keylogger-master\windows\keylogger.win32\keylogger.win32\libtomcrypt-develop\libtommath\msvc_win32_debug\intermediate\mp_radix_size.obj
c:\dev\security\keylogger-master\windows\keylogger.win32\keylogger.win32\libtomcrypt-develop\libtommath\msvc_win32_debug\intermediate\mp_radix_size_overestimate.obj
c:\dev\security\keylogger-master\windows\keylogger.win32\keylogger.win32\libtomcrypt-develop\libtommath\msvc_win32_debug\intermediate\mp_rand.obj
c:\dev\security\keylogger-master\windows\keylogger.win32\keylogger.win32\libtomcrypt-develop\libtommath\msvc_win32_debug\intermediate\mp_rand_source.obj
c:\dev\security\keylogger-master\windows\keylogger.win32\keylogger.win32\libtomcrypt-develop\libtommath\msvc_win32_debug\intermediate\mp_read_radix.obj
c:\dev\security\keylogger-master\windows\keylogger.win32\keylogger.win32\libtomcrypt-develop\libtommath\msvc_win32_debug\intermediate\mp_reduce.obj
c:\dev\security\keylogger-master\windows\keylogger.win32\keylogger.win32\libtomcrypt-develop\libtommath\msvc_win32_debug\intermediate\mp_reduce_2k.obj
c:\dev\security\keylogger-master\windows\keylogger.win32\keylogger.win32\libtomcrypt-develop\libtommath\msvc_win32_debug\intermediate\mp_reduce_2k_l.obj
c:\dev\security\keylogger-master\windows\keylogger.win32\keylogger.win32\libtomcrypt-develop\libtommath\msvc_win32_debug\intermediate\mp_reduce_2k_setup.obj
c:\dev\security\keylogger-master\windows\keylogger.win32\keylogger.win32\libtomcrypt-develop\libtommath\msvc_win32_debug\intermediate\mp_reduce_2k_setup_l.obj
c:\dev\security\keylogger-master\windows\keylogger.win32\keylogger.win32\libtomcrypt-develop\libtommath\msvc_win32_debug\intermediate\mp_reduce_is_2k.obj
c:\dev\security\keylogger-master\windows\keylogger.win32\keylogger.win32\libtomcrypt-develop\libtommath\msvc_win32_debug\intermediate\mp_reduce_is_2k_l.obj
c:\dev\security\keylogger-master\windows\keylogger.win32\keylogger.win32\libtomcrypt-develop\libtommath\msvc_win32_debug\intermediate\mp_reduce_setup.obj
c:\dev\security\keylogger-master\windows\keylogger.win32\keylogger.win32\libtomcrypt-develop\libtommath\msvc_win32_debug\intermediate\mp_root_n.obj
c:\dev\security\keylogger-master\windows\keylogger.win32\keylogger.win32\libtomcrypt-develop\libtommath\msvc_win32_debug\intermediate\mp_rshd.obj
c:\dev\security\keylogger-master\windows\keylogger.win32\keylogger.win32\libtomcrypt-develop\libtommath\msvc_win32_debug\intermediate\mp_sbin_size.obj
c:\dev\security\keylogger-master\windows\keylogger.win32\keylogger.win32\libtomcrypt-develop\libtommath\msvc_win32_debug\intermediate\mp_set.obj
c:\dev\security\keylogger-master\windows\keylogger.win32\keylogger.win32\libtomcrypt-develop\libtommath\msvc_win32_debug\intermediate\mp_set_double.obj
c:\dev\security\keylogger-master\windows\keylogger.win32\keylogger.win32\libtomcrypt-develop\libtommath\msvc_win32_debug\intermediate\mp_set_i32.obj
c:\dev\security\keylogger-master\windows\keylogger.win32\keylogger.win32\libtomcrypt-develop\libtommath\msvc_win32_debug\intermediate\mp_set_i64.obj
c:\dev\security\keylogger-master\windows\keylogger.win32\keylogger.win32\libtomcrypt-develop\libtommath\msvc_win32_debug\intermediate\mp_set_l.obj
c:\dev\security\keylogger-master\windows\keylogger.win32\keylogger.win32\libtomcrypt-develop\libtommath\msvc_win32_debug\intermediate\mp_set_u32.obj
c:\dev\security\keylogger-master\windows\keylogger.win32\keylogger.win32\libtomcrypt-develop\libtommath\msvc_win32_debug\intermediate\mp_set_u64.obj
c:\dev\security\keylogger-master\windows\keylogger.win32\keylogger.win32\libtomcrypt-develop\libtommath\msvc_win32_debug\intermediate\mp_set_ul.obj
c:\dev\security\keylogger-master\windows\keylogger.win32\keylogger.win32\libtomcrypt-develop\libtommath\msvc_win32_debug\intermediate\mp_shrink.obj
c:\dev\security\keylogger-master\windows\keylogger.win32\keylogger.win32\libtomcrypt-develop\libtommath\msvc_win32_debug\intermediate\mp_signed_rsh.obj
c:\dev\security\keylogger-master\windows\keylogger.win32\keylogger.win32\libtomcrypt-develop\libtommath\msvc_win32_debug\intermediate\mp_sqrmod.obj
c:\dev\security\keylogger-master\windows\keylogger.win32\keylogger.win32\libtomcrypt-develop\libtommath\msvc_win32_debug\intermediate\mp_sqrt.obj
c:\dev\security\keylogger-master\windows\keylogger.win32\keylogger.win32\libtomcrypt-develop\libtommath\msvc_win32_debug\intermediate\mp_sqrtmod_prime.obj
c:\dev\security\keylogger-master\windows\keylogger.win32\keylogger.win32\libtomcrypt-develop\libtommath\msvc_win32_debug\intermediate\mp_sub.obj
c:\dev\security\keylogger-master\windows\keylogger.win32\keylogger.win32\libtomcrypt-develop\libtommath\msvc_win32_debug\intermediate\mp_submod.obj
c:\dev\security\keylogger-master\windows\keylogger.win32\keylogger.win32\libtomcrypt-develop\libtommath\msvc_win32_debug\intermediate\mp_sub_d.obj
c:\dev\security\keylogger-master\windows\keylogger.win32\keylogger.win32\libtomcrypt-develop\libtommath\msvc_win32_debug\intermediate\mp_to_radix.obj
c:\dev\security\keylogger-master\windows\keylogger.win32\keylogger.win32\libtomcrypt-develop\libtommath\msvc_win32_debug\intermediate\mp_to_sbin.obj
c:\dev\security\keylogger-master\windows\keylogger.win32\keylogger.win32\libtomcrypt-develop\libtommath\msvc_win32_debug\intermediate\mp_to_ubin.obj
c:\dev\security\keylogger-master\windows\keylogger.win32\keylogger.win32\libtomcrypt-develop\libtommath\msvc_win32_debug\intermediate\mp_ubin_size.obj
c:\dev\security\keylogger-master\windows\keylogger.win32\keylogger.win32\libtomcrypt-develop\libtommath\msvc_win32_debug\intermediate\mp_unpack.obj
c:\dev\security\keylogger-master\windows\keylogger.win32\keylogger.win32\libtomcrypt-develop\libtommath\msvc_win32_debug\intermediate\mp_xor.obj
c:\dev\security\keylogger-master\windows\keylogger.win32\keylogger.win32\libtomcrypt-develop\libtommath\msvc_win32_debug\intermediate\mp_zero.obj
c:\dev\security\keylogger-master\windows\keylogger.win32\keylogger.win32\libtomcrypt-develop\libtommath\msvc_win32_debug\intermediate\s_mp_add.obj
c:\dev\security\keylogger-master\windows\keylogger.win32\keylogger.win32\libtomcrypt-develop\libtommath\msvc_win32_debug\intermediate\s_mp_copy_digs.obj
c:\dev\security\keylogger-master\windows\keylogger.win32\keylogger.win32\libtomcrypt-develop\libtommath\msvc_win32_debug\intermediate\s_mp_div_3.obj
c:\dev\security\keylogger-master\windows\keylogger.win32\keylogger.win32\libtomcrypt-develop\libtommath\msvc_win32_debug\intermediate\s_mp_div_recursive.obj
c:\dev\security\keylogger-master\windows\keylogger.win32\keylogger.win32\libtomcrypt-develop\libtommath\msvc_win32_debug\intermediate\s_mp_div_school.obj
c:\dev\security\keylogger-master\windows\keylogger.win32\keylogger.win32\libtomcrypt-develop\libtommath\msvc_win32_debug\intermediate\s_mp_div_small.obj
c:\dev\security\keylogger-master\windows\keylogger.win32\keylogger.win32\libtomcrypt-develop\libtommath\msvc_win32_debug\intermediate\s_mp_exptmod.obj
c:\dev\security\keylogger-master\windows\keylogger.win32\keylogger.win32\libtomcrypt-develop\libtommath\msvc_win32_debug\intermediate\s_mp_exptmod_fast.obj
c:\dev\security\keylogger-master\windows\keylogger.win32\keylogger.win32\libtomcrypt-develop\libtommath\msvc_win32_debug\intermediate\s_mp_get_bit.obj
c:\dev\security\keylogger-master\windows\keylogger.win32\keylogger.win32\libtomcrypt-develop\libtommath\msvc_win32_debug\intermediate\s_mp_invmod.obj
c:\dev\security\keylogger-master\windows\keylogger.win32\keylogger.win32\libtomcrypt-develop\libtommath\msvc_win32_debug\intermediate\s_mp_invmod_odd.obj
c:\dev\security\keylogger-master\windows\keylogger.win32\keylogger.win32\libtomcrypt-develop\libtommath\msvc_win32_debug\intermediate\s_mp_log.obj
c:\dev\security\keylogger-master\windows\keylogger.win32\keylogger.win32\libtomcrypt-develop\libtommath\msvc_win32_debug\intermediate\s_mp_log_2expt.obj
c:\dev\security\keylogger-master\windows\keylogger.win32\keylogger.win32\libtomcrypt-develop\libtommath\msvc_win32_debug\intermediate\s_mp_log_d.obj
c:\dev\security\keylogger-master\windows\keylogger.win32\keylogger.win32\libtomcrypt-develop\libtommath\msvc_win32_debug\intermediate\s_mp_montgomery_reduce_comba.obj
c:\dev\security\keylogger-master\windows\keylogger.win32\keylogger.win32\libtomcrypt-develop\libtommath\msvc_win32_debug\intermediate\s_mp_mul.obj
c:\dev\security\keylogger-master\windows\keylogger.win32\keylogger.win32\libtomcrypt-develop\libtommath\msvc_win32_debug\intermediate\s_mp_mul_balance.obj
c:\dev\security\keylogger-master\windows\keylogger.win32\keylogger.win32\libtomcrypt-develop\libtommath\msvc_win32_debug\intermediate\s_mp_mul_comba.obj
c:\dev\security\keylogger-master\windows\keylogger.win32\keylogger.win32\libtomcrypt-develop\libtommath\msvc_win32_debug\intermediate\s_mp_mul_high.obj
c:\dev\security\keylogger-master\windows\keylogger.win32\keylogger.win32\libtomcrypt-develop\libtommath\msvc_win32_debug\intermediate\s_mp_mul_high_comba.obj
c:\dev\security\keylogger-master\windows\keylogger.win32\keylogger.win32\libtomcrypt-develop\libtommath\msvc_win32_debug\intermediate\s_mp_mul_karatsuba.obj
c:\dev\security\keylogger-master\windows\keylogger.win32\keylogger.win32\libtomcrypt-develop\libtommath\msvc_win32_debug\intermediate\s_mp_mul_toom.obj
c:\dev\security\keylogger-master\windows\keylogger.win32\keylogger.win32\libtomcrypt-develop\libtommath\msvc_win32_debug\intermediate\s_mp_prime_is_divisible.obj
c:\dev\security\keylogger-master\windows\keylogger.win32\keylogger.win32\libtomcrypt-develop\libtommath\msvc_win32_debug\intermediate\s_mp_prime_tab.obj
c:\dev\security\keylogger-master\windows\keylogger.win32\keylogger.win32\libtomcrypt-develop\libtommath\msvc_win32_debug\intermediate\s_mp_radix_map.obj
c:\dev\security\keylogger-master\windows\keylogger.win32\keylogger.win32\libtomcrypt-develop\libtommath\msvc_win32_debug\intermediate\s_mp_radix_size_overestimate.obj
c:\dev\security\keylogger-master\windows\keylogger.win32\keylogger.win32\libtomcrypt-develop\libtommath\msvc_win32_debug\intermediate\s_mp_rand_platform.obj
c:\dev\security\keylogger-master\windows\keylogger.win32\keylogger.win32\libtomcrypt-develop\libtommath\msvc_win32_debug\intermediate\s_mp_sqr.obj
c:\dev\security\keylogger-master\windows\keylogger.win32\keylogger.win32\libtomcrypt-develop\libtommath\msvc_win32_debug\intermediate\s_mp_sqr_comba.obj
c:\dev\security\keylogger-master\windows\keylogger.win32\keylogger.win32\libtomcrypt-develop\libtommath\msvc_win32_debug\intermediate\s_mp_sqr_karatsuba.obj
c:\dev\security\keylogger-master\windows\keylogger.win32\keylogger.win32\libtomcrypt-develop\libtommath\msvc_win32_debug\intermediate\s_mp_sqr_toom.obj
c:\dev\security\keylogger-master\windows\keylogger.win32\keylogger.win32\libtomcrypt-develop\libtommath\msvc_win32_debug\intermediate\s_mp_sub.obj
c:\dev\security\keylogger-master\windows\keylogger.win32\keylogger.win32\libtomcrypt-develop\libtommath\msvc_win32_debug\intermediate\s_mp_zero_buf.obj
c:\dev\security\keylogger-master\windows\keylogger.win32\keylogger.win32\libtomcrypt-develop\libtommath\msvc_win32_debug\intermediate\s_mp_zero_digs.obj
c:\dev\security\keylogger-master\windows\keylogger.win32\keylogger.win32\libtomcrypt-develop\libtommath\msvc_win32_debug\intermediate\tommath.idb
c:\dev\security\keylogger-master\windows\keylogger.win32\keylogger.win32\libtomcrypt-develop\libtommath\msvc_win32_debug\intermediate\tommath.pdb
c:\dev\security\keylogger-master\windows\keylogger.win32\keylogger.win32\libtomcrypt-develop\libtommath\msvc_win32_debug\tommath.lib
c:\dev\security\keylogger-master\windows\keylogger.win32\keylogger.win32\libtomcrypt-develop\libtommath\msvc_win32_debug\intermediate\tommath.tlog\cl.command.1.tlog
c:\dev\security\keylogger-master\windows\keylogger.win32\keylogger.win32\libtomcrypt-develop\libtommath\msvc_win32_debug\intermediate\tommath.tlog\cl.read.1.tlog
c:\dev\security\keylogger-master\windows\keylogger.win32\keylogger.win32\libtomcrypt-develop\libtommath\msvc_win32_debug\intermediate\tommath.tlog\cl.write.1.tlog
c:\dev\security\keylogger-master\windows\keylogger.win32\keylogger.win32\libtomcrypt-develop\libtommath\msvc_win32_debug\intermediate\tommath.tlog\lib-link.read.1.tlog
c:\dev\security\keylogger-master\windows\keylogger.win32\keylogger.win32\libtomcrypt-develop\libtommath\msvc_win32_debug\intermediate\tommath.tlog\lib-link.write.1.tlog
c:\dev\security\keylogger-master\windows\keylogger.win32\keylogger.win32\libtomcrypt-develop\libtommath\msvc_win32_debug\intermediate\tommath.tlog\lib.command.1.tlog
