  main.cpp
  console.cpp
  base16.cpp
  MiniTor.cpp
  base64.cpp
  crt0.cpp
  base_encode.cpp
  common.cpp
  curve25519.cpp
  random.cpp
  provider.cpp
  provider.cpp
  curve25519.cpp
  base32.cpp
  random.cpp
  file.cpp
  curve25519-donna.cpp
  file_enumerator.cpp
  path.cpp
  memory.cpp
  file_attributes.cpp
  logger.cpp
  http.cpp
  ssl_context.cpp
  ssl_socket.cpp
  ssl_stream.cpp
  tcp_socket.cpp
  string.cpp
  event.cpp
  time.cpp
  cell.cpp
  circuit.cpp
  thread.cpp
  mutex.cpp
  circuit_node_crypto_state.cpp
  consensus.cpp
  hybrid_encryption.cpp
  key_agreement_tap.cpp
  circuit_node.cpp
  key_agreement_ntor.cpp
  hidden_service.cpp
  onion_router.cpp
  consensus_parser.cpp
  hidden_service_descriptor_parser.cpp
  onion_router_descriptor_parser.cpp
  introduction_point_parser.cpp
  relay_cell.cpp
  tor_socket.cpp
  tor_stream.cpp
  api_set_enumerator.cpp
  api_set_value_enumerator.cpp
  export_directory_enumerator.cpp
  import_directory_enumerator.cpp
  import_thunk_enumerator.cpp
  relocation_directory_enumerator.cpp
  relocation_fixup_enumerator.cpp
  resource_directory_enumerator.cpp
  test.cpp
  tls_directory_enumerator.cpp
  section_enumerator.cpp
  mini-tor.vcxproj -> C:\dev\Security\tor-keylogger\Keylogger.Win32\bin\x86\Debug_Clang\mini-tor.lib
