c:\dev\security\keylogger-master\windows\keylogger.win32\keylogger.win32\lua-5.4.2\src\x64\debug\vc142.pdb
c:\dev\security\keylogger-master\windows\keylogger.win32\keylogger.win32\lua-5.4.2\src\x64\debug\vc142.idb
c:\dev\security\keylogger-master\windows\keylogger.win32\keylogger.win32\lua-5.4.2\src\x64\debug\lopcodes.obj
c:\dev\security\keylogger-master\windows\keylogger.win32\keylogger.win32\lua-5.4.2\src\x64\debug\lobject.obj
c:\dev\security\keylogger-master\windows\keylogger.win32\keylogger.win32\lua-5.4.2\src\x64\debug\loadlib.obj
c:\dev\security\keylogger-master\windows\keylogger.win32\keylogger.win32\lua-5.4.2\src\x64\debug\lmem.obj
c:\dev\security\keylogger-master\windows\keylogger.win32\keylogger.win32\lua-5.4.2\src\x64\debug\lmathlib.obj
c:\dev\security\keylogger-master\windows\keylogger.win32\keylogger.win32\lua-5.4.2\src\x64\debug\llex.obj
c:\dev\security\keylogger-master\windows\keylogger.win32\keylogger.win32\lua-5.4.2\src\x64\debug\liolib.obj
c:\dev\security\keylogger-master\windows\keylogger.win32\keylogger.win32\lua-5.4.2\src\x64\debug\linit.obj
c:\dev\security\keylogger-master\windows\keylogger.win32\keylogger.win32\lua-5.4.2\src\x64\debug\lgc.obj
c:\dev\security\keylogger-master\windows\keylogger.win32\keylogger.win32\lua-5.4.2\src\x64\debug\lfunc.obj
c:\dev\security\keylogger-master\windows\keylogger.win32\keylogger.win32\lua-5.4.2\src\x64\debug\ldump.obj
c:\dev\security\keylogger-master\windows\keylogger.win32\keylogger.win32\lua-5.4.2\src\x64\debug\ldo.obj
c:\dev\security\keylogger-master\windows\keylogger.win32\keylogger.win32\lua-5.4.2\src\x64\debug\ldebug.obj
c:\dev\security\keylogger-master\windows\keylogger.win32\keylogger.win32\lua-5.4.2\src\x64\debug\ldblib.obj
c:\dev\security\keylogger-master\windows\keylogger.win32\keylogger.win32\lua-5.4.2\src\x64\debug\lctype.obj
c:\dev\security\keylogger-master\windows\keylogger.win32\keylogger.win32\lua-5.4.2\src\x64\debug\lcorolib.obj
c:\dev\security\keylogger-master\windows\keylogger.win32\keylogger.win32\lua-5.4.2\src\x64\debug\lcode.obj
c:\dev\security\keylogger-master\windows\keylogger.win32\keylogger.win32\lua-5.4.2\src\x64\debug\lbaselib.obj
c:\dev\security\keylogger-master\windows\keylogger.win32\keylogger.win32\lua-5.4.2\src\x64\debug\lauxlib.obj
c:\dev\security\keylogger-master\windows\keylogger.win32\keylogger.win32\lua-5.4.2\src\x64\debug\lapi.obj
c:\dev\security\keylogger-master\windows\keylogger.win32\keylogger.win32\lua-5.4.2\src\x64\debug\lzio.obj
c:\dev\security\keylogger-master\windows\keylogger.win32\keylogger.win32\lua-5.4.2\src\x64\debug\lvm.obj
c:\dev\security\keylogger-master\windows\keylogger.win32\keylogger.win32\lua-5.4.2\src\x64\debug\lutf8lib.obj
c:\dev\security\keylogger-master\windows\keylogger.win32\keylogger.win32\lua-5.4.2\src\x64\debug\lundump.obj
c:\dev\security\keylogger-master\windows\keylogger.win32\keylogger.win32\lua-5.4.2\src\x64\debug\luac.obj
c:\dev\security\keylogger-master\windows\keylogger.win32\keylogger.win32\lua-5.4.2\src\x64\debug\lua.obj
c:\dev\security\keylogger-master\windows\keylogger.win32\keylogger.win32\lua-5.4.2\src\x64\debug\ltm.obj
c:\dev\security\keylogger-master\windows\keylogger.win32\keylogger.win32\lua-5.4.2\src\x64\debug\ltablib.obj
c:\dev\security\keylogger-master\windows\keylogger.win32\keylogger.win32\lua-5.4.2\src\x64\debug\ltable.obj
c:\dev\security\keylogger-master\windows\keylogger.win32\keylogger.win32\lua-5.4.2\src\x64\debug\lstrlib.obj
c:\dev\security\keylogger-master\windows\keylogger.win32\keylogger.win32\lua-5.4.2\src\x64\debug\lstring.obj
c:\dev\security\keylogger-master\windows\keylogger.win32\keylogger.win32\lua-5.4.2\src\x64\debug\lstate.obj
c:\dev\security\keylogger-master\windows\keylogger.win32\keylogger.win32\lua-5.4.2\src\x64\debug\lparser.obj
c:\dev\security\keylogger-master\windows\keylogger.win32\keylogger.win32\lua-5.4.2\src\x64\debug\loslib.obj
c:\dev\security\keylogger-master\windows\keylogger.win32\keylogger.win32\lua-5.4.2\src\x64\debug\lua-5.4.2.pdb
c:\dev\security\keylogger-master\windows\keylogger.win32\keylogger.win32\lua-5.4.2\src\x64\debug\lua-5.4.2.idb
c:\dev\security\keylogger-master\windows\keylogger.win32\keylogger.win32\x64\debug\lua-5.4.2.lib
c:\dev\security\keylogger-master\windows\keylogger.win32\keylogger.win32\lua-5.4.2\src\x64\debug\lua-5.4.2.tlog\cl.command.1.tlog
c:\dev\security\keylogger-master\windows\keylogger.win32\keylogger.win32\lua-5.4.2\src\x64\debug\lua-5.4.2.tlog\cl.read.1.tlog
c:\dev\security\keylogger-master\windows\keylogger.win32\keylogger.win32\lua-5.4.2\src\x64\debug\lua-5.4.2.tlog\cl.write.1.tlog
c:\dev\security\keylogger-master\windows\keylogger.win32\keylogger.win32\lua-5.4.2\src\x64\debug\lua-5.4.2.tlog\lib-link.read.1.tlog
c:\dev\security\keylogger-master\windows\keylogger.win32\keylogger.win32\lua-5.4.2\src\x64\debug\lua-5.4.2.tlog\lib-link.write.1.tlog
c:\dev\security\keylogger-master\windows\keylogger.win32\keylogger.win32\lua-5.4.2\src\x64\debug\lua-5.4.2.tlog\lib.command.1.tlog
c:\dev\security\keylogger-master\windows\keylogger.win32\keylogger.win32\lua-5.4.2\src\x64\debug\lua-5.4.2.tlog\link-cvtres.read.1.tlog
c:\dev\security\keylogger-master\windows\keylogger.win32\keylogger.win32\lua-5.4.2\src\x64\debug\lua-5.4.2.tlog\link-cvtres.write.1.tlog
c:\dev\security\keylogger-master\windows\keylogger.win32\keylogger.win32\lua-5.4.2\src\x64\debug\lua-5.4.2.tlog\link-rc.read.1.tlog
c:\dev\security\keylogger-master\windows\keylogger.win32\keylogger.win32\lua-5.4.2\src\x64\debug\lua-5.4.2.tlog\link-rc.write.1.tlog
c:\dev\security\keylogger-master\windows\keylogger.win32\keylogger.win32\lua-5.4.2\src\x64\debug\lua-5.4.2.tlog\link.command.1.tlog
c:\dev\security\keylogger-master\windows\keylogger.win32\keylogger.win32\lua-5.4.2\src\x64\debug\lua-5.4.2.tlog\link.read.1.tlog
c:\dev\security\keylogger-master\windows\keylogger.win32\keylogger.win32\lua-5.4.2\src\x64\debug\lua-5.4.2.tlog\link.write.1.tlog
