  aes.c
  anubis.c
  blowfish.c
  camellia.c
  cast5.c
  des.c
  idea.c
  kasumi.c
  khazad.c
  kseed.c
  multi2.c
  noekeon.c
  rc2.c
  rc5.c
  rc6.c
  safer.c
  saferp.c
  serpent.c
  skipjack.c
  tea.c
  Generating Code...
  Compiling...
  twofish.c
  xtea.c
  ccm_add_aad.c
  ccm_add_nonce.c
  ccm_done.c
  ccm_init.c
  ccm_memory.c
  ccm_process.c
  ccm_reset.c
  ccm_test.c
  chacha20poly1305_add_aad.c
  chacha20poly1305_decrypt.c
  chacha20poly1305_done.c
  chacha20poly1305_encrypt.c
  chacha20poly1305_init.c
  chacha20poly1305_memory.c
  chacha20poly1305_setiv.c
  chacha20poly1305_setiv_rfc7905.c
  chacha20poly1305_test.c
  eax_addheader.c
  Generating Code...
  Compiling...
  eax_decrypt.c
  eax_decrypt_verify_memory.c
  eax_done.c
  eax_encrypt.c
  eax_encrypt_authenticate_memory.c
  eax_init.c
  eax_test.c
  gcm_add_aad.c
  gcm_add_iv.c
  gcm_done.c
  gcm_gf_mult.c
  gcm_init.c
  gcm_memory.c
  gcm_mult_h.c
  gcm_process.c
  gcm_reset.c
  gcm_test.c
  ocb3_add_aad.c
  ocb3_decrypt.c
  ocb3_decrypt_last.c
  Generating Code...
  Compiling...
  ocb3_decrypt_verify_memory.c
  ocb3_done.c
  ocb3_encrypt.c
  ocb3_encrypt_authenticate_memory.c
  ocb3_encrypt_last.c
  ocb3_init.c
  ocb3_int_ntz.c
  ocb3_int_xor_blocks.c
  ocb3_test.c
  ocb_decrypt.c
  ocb_decrypt_verify_memory.c
  ocb_done_decrypt.c
  ocb_done_encrypt.c
  ocb_encrypt.c
  ocb_encrypt_authenticate_memory.c
  ocb_init.c
  ocb_ntz.c
  ocb_shift_xor.c
  ocb_test.c
  s_ocb_done.c
  Generating Code...
  Compiling...
  blake2b.c
  blake2s.c
  chc.c
  hash_file.c
  hash_filehandle.c
  hash_memory.c
  hash_memory_multi.c
  md2.c
  md4.c
  md5.c
  rmd128.c
  rmd160.c
  rmd256.c
  rmd320.c
  sha1.c
  sha224.c
  sha256.c
  sha384.c
  sha512.c
  sha512_224.c
  Generating Code...
  Compiling...
  sha512_256.c
  sha3.c
  sha3_test.c
  tiger.c
  whirl.c
  blake2bmac.c
  blake2bmac_file.c
  blake2bmac_memory.c
  blake2bmac_memory_multi.c
  blake2bmac_test.c
  blake2smac.c
  blake2smac_file.c
  blake2smac_memory.c
  blake2smac_memory_multi.c
  blake2smac_test.c
  f9_done.c
  f9_file.c
  f9_init.c
  f9_memory.c
  f9_memory_multi.c
  Generating Code...
  Compiling...
  f9_process.c
  f9_test.c
  hmac_done.c
  hmac_file.c
  hmac_init.c
  hmac_memory.c
  hmac_memory_multi.c
  hmac_process.c
  hmac_test.c
  omac_done.c
  omac_file.c
  omac_init.c
  omac_memory.c
  omac_memory_multi.c
  omac_process.c
  omac_test.c
  pelican.c
  pelican_memory.c
  pelican_test.c
  pmac_done.c
  Generating Code...
  Compiling...
  pmac_file.c
  pmac_init.c
  pmac_memory.c
  pmac_memory_multi.c
  pmac_ntz.c
  pmac_process.c
  pmac_shift_xor.c
  pmac_test.c
  poly1305.c
  poly1305_file.c
  poly1305_memory.c
  poly1305_memory_multi.c
  poly1305_test.c
  xcbc_done.c
  xcbc_file.c
  xcbc_init.c
  xcbc_memory.c
  xcbc_memory_multi.c
  xcbc_process.c
  xcbc_test.c
  Generating Code...
  Compiling...
  ltc_ecc_fp_mulmod.c
  gmp_desc.c
  ltm_desc.c
  multi.c
  radix_to_bin.c
  rand_bn.c
  rand_prime.c
  tfm_desc.c
  adler32.c
  base16_decode.c
  base16_encode.c
  base32_decode.c
  base32_encode.c
  base64_decode.c
  base64_encode.c
  bcrypt.c
  burn_stack.c
  compare_testvector.c
  copy_or_zeromem.c
  crc32.c
  Generating Code...
  Compiling...
  crypt.c
  crypt_argchk.c
  crypt_cipher_descriptor.c
  crypt_cipher_is_valid.c
  crypt_constants.c
  crypt_find_cipher.c
  crypt_find_cipher_any.c
  crypt_find_cipher_id.c
  crypt_find_hash.c
  crypt_find_hash_any.c
  crypt_find_hash_id.c
  crypt_find_hash_oid.c
  crypt_find_prng.c
  crypt_fsa.c
  crypt_hash_descriptor.c
  crypt_hash_is_valid.c
  crypt_inits.c
  crypt_ltc_mp_descriptor.c
  crypt_prng_descriptor.c
  crypt_prng_is_valid.c
  Generating Code...
  Compiling...
  crypt_prng_rng_descriptor.c
  crypt_register_all_ciphers.c
  crypt_register_all_hashes.c
  crypt_register_all_prngs.c
  crypt_register_cipher.c
  crypt_register_hash.c
  crypt_register_prng.c
  crypt_sizes.c
  crypt_unregister_cipher.c
  crypt_unregister_hash.c
  crypt_unregister_prng.c
  error_to_string.c
  hkdf.c
  hkdf_test.c
  mem_neq.c
  padding_depad.c
  padding_pad.c
  pbes.c
  pbes1.c
  pbes2.c
  Generating Code...
  Compiling...
  pkcs12_kdf.c
  pkcs12_utf8_to_utf16.c
  pkcs_5_1.c
  pkcs_5_2.c
  pkcs_5_test.c
  ssh_decode_sequence_multi.c
  ssh_encode_sequence_multi.c
  zeromem.c
  cbc_decrypt.c
  cbc_done.c
  cbc_encrypt.c
  cbc_getiv.c
  cbc_setiv.c
  cbc_start.c
  cfb_decrypt.c
  cfb_done.c
  cfb_encrypt.c
  cfb_getiv.c
  cfb_setiv.c
  cfb_start.c
  Generating Code...
  Compiling...
  ctr_decrypt.c
  ctr_done.c
  ctr_encrypt.c
  ctr_getiv.c
  ctr_setiv.c
  ctr_start.c
  ctr_test.c
  ecb_decrypt.c
  ecb_done.c
  ecb_encrypt.c
  ecb_start.c
  f8_decrypt.c
  f8_done.c
  f8_encrypt.c
  f8_getiv.c
  f8_setiv.c
  f8_start.c
  f8_test_mode.c
  lrw_decrypt.c
  lrw_done.c
  Generating Code...
  Compiling...
  lrw_encrypt.c
  lrw_getiv.c
  lrw_process.c
  lrw_setiv.c
  lrw_start.c
  lrw_test.c
  ofb_decrypt.c
  ofb_done.c
  ofb_encrypt.c
  ofb_getiv.c
  ofb_setiv.c
  ofb_start.c
  xts_decrypt.c
  xts_done.c
  xts_encrypt.c
  xts_init.c
  xts_mult_x.c
  xts_test.c
  der_decode_bit_string.c
  der_decode_raw_bit_string.c
  Generating Code...
  Compiling...
  der_encode_bit_string.c
  der_encode_raw_bit_string.c
  der_length_bit_string.c
  der_decode_boolean.c
  der_encode_boolean.c
  der_length_boolean.c
  der_decode_choice.c
  der_decode_custom_type.c
  der_encode_custom_type.c
  der_length_custom_type.c
  der_decode_generalizedtime.c
  der_encode_generalizedtime.c
  der_length_generalizedtime.c
  der_asn1_maps.c
  der_decode_asn1_identifier.c
  der_decode_asn1_length.c
  der_encode_asn1_identifier.c
  der_encode_asn1_length.c
  der_length_asn1_identifier.c
  der_length_asn1_length.c
  Generating Code...
  Compiling...
  der_decode_ia5_string.c
  der_encode_ia5_string.c
  der_length_ia5_string.c
  der_decode_integer.c
  der_encode_integer.c
  der_length_integer.c
  der_decode_object_identifier.c
  der_encode_object_identifier.c
  der_length_object_identifier.c
  der_decode_octet_string.c
  der_encode_octet_string.c
  der_length_octet_string.c
  der_decode_printable_string.c
  der_encode_printable_string.c
  der_length_printable_string.c
  der_decode_sequence_ex.c
  der_decode_sequence_flexi.c
  der_decode_sequence_multi.c
  der_encode_sequence_ex.c
  der_encode_sequence_multi.c
  Generating Code...
  Compiling...
  der_length_sequence.c
  der_sequence_free.c
  der_sequence_shrink.c
  der_encode_set.c
  der_encode_setof.c
  der_decode_short_integer.c
  der_encode_short_integer.c
  der_length_short_integer.c
  der_decode_teletex_string.c
  der_length_teletex_string.c
  der_decode_utctime.c
  der_encode_utctime.c
  der_length_utctime.c
  der_decode_utf8_string.c
  der_encode_utf8_string.c
  der_length_utf8_string.c
  pk_get_oid.c
  pk_oid_cmp.c
  pk_oid_str.c
  pkcs8_decode_flexi.c
  Generating Code...
  Compiling...
  x509_decode_public_key_from_certificate.c
  x509_decode_subject_public_key_info.c
  x509_encode_subject_public_key_info.c
  dh.c
  dh_check_pubkey.c
  dh_export.c
  dh_export_key.c
  dh_free.c
  dh_generate_key.c
  dh_import.c
  dh_set.c
  dh_set_pg_dhparam.c
  dh_shared_secret.c
  dsa_decrypt_key.c
  dsa_encrypt_key.c
  dsa_export.c
  dsa_free.c
  dsa_generate_key.c
  dsa_generate_pqg.c
  dsa_import.c
  Generating Code...
  Compiling...
  dsa_make_key.c
  dsa_set.c
  dsa_set_pqg_dsaparam.c
  dsa_shared_secret.c
  dsa_sign_hash.c
  dsa_verify_hash.c
  dsa_verify_key.c
  ec25519_export.c
  ec25519_import_pkcs8.c
  tweetnacl.c
C:\dev\Security\Keylogger-master\windows\keylogger.win32\Keylogger.Win32\libtomcrypt-develop\libtomcrypt-develop\src\pk\ec25519\tweetnacl.c(90,21): warning C4244: '=': conversion from 'i64' to 'u8', possible loss of data
C:\dev\Security\Keylogger-master\windows\keylogger.win32\Keylogger.Win32\libtomcrypt-develop\libtomcrypt-develop\src\pk\ec25519\tweetnacl.c(184,19): warning C4244: 'function': conversion from 'i64' to 'int', possible loss of data
C:\dev\Security\Keylogger-master\windows\keylogger.win32\Keylogger.Win32\libtomcrypt-develop\libtomcrypt-develop\src\pk\ec25519\tweetnacl.c(185,19): warning C4244: 'function': conversion from 'i64' to 'int', possible loss of data
C:\dev\Security\Keylogger-master\windows\keylogger.win32\Keylogger.Win32\libtomcrypt-develop\libtomcrypt-develop\src\pk\ec25519\tweetnacl.c(204,19): warning C4244: 'function': conversion from 'i64' to 'int', possible loss of data
C:\dev\Security\Keylogger-master\windows\keylogger.win32\Keylogger.Win32\libtomcrypt-develop\libtomcrypt-develop\src\pk\ec25519\tweetnacl.c(205,19): warning C4244: 'function': conversion from 'i64' to 'int', possible loss of data
C:\dev\Security\Keylogger-master\windows\keylogger.win32\Keylogger.Win32\libtomcrypt-develop\libtomcrypt-develop\src\pk\ec25519\tweetnacl.c(233,40): warning C4244: 'function': conversion from 'u64' to 'unsigned long', possible loss of data
  ecc.c
  ecc_ansi_x963_export.c
  ecc_ansi_x963_import.c
  ecc_decrypt_key.c
  ecc_encrypt_key.c
  ecc_export.c
  ecc_export_openssl.c
  ecc_find_curve.c
  ecc_free.c
  ecc_get_key.c
  Generating Code...
  Compiling...
  ecc_get_oid_str.c
  ecc_get_size.c
  ecc_import.c
  ecc_import_openssl.c
  ecc_import_pkcs8.c
  ecc_import_x509.c
  ecc_make_key.c
  ecc_recover_key.c
  ecc_set_curve.c
  ecc_set_curve_internal.c
  ecc_set_key.c
  ecc_shared_secret.c
  ecc_sign_hash.c
  ecc_sizes.c
  ecc_ssh_ecdsa_encode_name.c
  ecc_verify_hash.c
  ltc_ecc_export_point.c
  ltc_ecc_import_point.c
  ltc_ecc_is_point.c
  ltc_ecc_is_point_at_infinity.c
  Generating Code...
  Compiling...
  ltc_ecc_map.c
  ltc_ecc_mul2add.c
  ltc_ecc_mulmod.c
  ltc_ecc_mulmod_timing.c
  ltc_ecc_points.c
  ltc_ecc_projective_add_point.c
  ltc_ecc_projective_dbl_point.c
  ltc_ecc_verify_key.c
  ed25519_export.c
  ed25519_import.c
  ed25519_import_pkcs8.c
  ed25519_import_raw.c
  ed25519_import_x509.c
  ed25519_make_key.c
  ed25519_sign.c
  ed25519_verify.c
  pkcs_1_i2osp.c
  pkcs_1_mgf1.c
  pkcs_1_oaep_decode.c
  pkcs_1_oaep_encode.c
  Generating Code...
  Compiling...
  pkcs_1_os2ip.c
  pkcs_1_pss_decode.c
  pkcs_1_pss_encode.c
  pkcs_1_v1_5_decode.c
  pkcs_1_v1_5_encode.c
  rsa_decrypt_key.c
  rsa_encrypt_key.c
  rsa_export.c
  rsa_exptmod.c
  rsa_get_size.c
  rsa_import.c
  rsa_import_pkcs8.c
  rsa_import_x509.c
  rsa_key.c
  rsa_make_key.c
  rsa_set.c
  rsa_sign_hash.c
  rsa_sign_saltlen_get.c
  rsa_verify_hash.c
  x25519_export.c
  Generating Code...
  Compiling...
  x25519_import.c
  x25519_import_pkcs8.c
  x25519_import_raw.c
  x25519_import_x509.c
  x25519_make_key.c
  x25519_shared_secret.c
  chacha20.c
  fortuna.c
  rc4.c
  rng_get_bytes.c
  rng_make_prng.c
  sober128.c
  sprng.c
  yarrow.c
  chacha_crypt.c
  chacha_done.c
  chacha_ivctr32.c
  chacha_ivctr64.c
  chacha_keystream.c
  chacha_memory.c
  Generating Code...
  Compiling...
  chacha_setup.c
  chacha_test.c
  rabbit.c
  rabbit_memory.c
  rc4_stream.c
  rc4_stream_memory.c
  rc4_test.c
  salsa20_crypt.c
  salsa20_done.c
  salsa20_ivctr64.c
  salsa20_keystream.c
  salsa20_memory.c
  salsa20_setup.c
  salsa20_test.c
  xsalsa20_memory.c
  xsalsa20_setup.c
  xsalsa20_test.c
  sober128_stream.c
  sober128_stream_memory.c
  sober128_test.c
  Generating Code...
  Compiling...
  sosemanuk.c
  sosemanuk_memory.c
  sosemanuk_test.c
  Generating Code...
C:\Program Files (x86)\Microsoft Visual Studio\2019\Community\MSBuild\Microsoft\VC\v160\Microsoft.CppBuild.targets(1523,5): warning MSB8012: TargetPath(C:\dev\Security\Keylogger-master\windows\keylogger.win32\Keylogger.Win32\libtomcrypt-develop\libtomcrypt-develop\MSVC_x64_Release\libtomcrypt.lib) does not match the Library's OutputFile property value (C:\dev\Security\Keylogger-master\windows\keylogger.win32\Keylogger.Win32\libtomcrypt-develop\libtomcrypt-develop\MSVC_x64_Release\tomcrypt.lib). This may cause your project to build incorrectly. To correct this, please make sure that $(OutDir), $(TargetName) and $(TargetExt) property values match the value specified in %(Lib.OutputFile).
C:\Program Files (x86)\Microsoft Visual Studio\2019\Community\MSBuild\Microsoft\VC\v160\Microsoft.CppBuild.targets(1525,5): warning MSB8012: TargetName(libtomcrypt) does not match the Library's OutputFile property value (tomcrypt). This may cause your project to build incorrectly. To correct this, please make sure that $(OutDir), $(TargetName) and $(TargetExt) property values match the value specified in %(Lib.OutputFile).
  libtomcrypt_VS2008.vcxproj -> C:\dev\Security\Keylogger-master\windows\keylogger.win32\Keylogger.Win32\libtomcrypt-develop\libtomcrypt-develop\MSVC_x64_Release\libtomcrypt.lib
