c:\dev\security\keylogger-master\windows\keylogger.win32\keylogger.win32\libtomcrypt-develop\libtomcrypt-develop\msvc_win32_release\intermediate\libtomcrypt.pdb
c:\dev\security\keylogger-master\windows\keylogger.win32\keylogger.win32\libtomcrypt-develop\libtomcrypt-develop\msvc_win32_release\intermediate\tea.obj
c:\dev\security\keylogger-master\windows\keylogger.win32\keylogger.win32\libtomcrypt-develop\libtomcrypt-develop\msvc_win32_release\intermediate\skipjack.obj
c:\dev\security\keylogger-master\windows\keylogger.win32\keylogger.win32\libtomcrypt-develop\libtomcrypt-develop\msvc_win32_release\intermediate\serpent.obj
c:\dev\security\keylogger-master\windows\keylogger.win32\keylogger.win32\libtomcrypt-develop\libtomcrypt-develop\msvc_win32_release\intermediate\saferp.obj
c:\dev\security\keylogger-master\windows\keylogger.win32\keylogger.win32\libtomcrypt-develop\libtomcrypt-develop\msvc_win32_release\intermediate\safer.obj
c:\dev\security\keylogger-master\windows\keylogger.win32\keylogger.win32\libtomcrypt-develop\libtomcrypt-develop\msvc_win32_release\intermediate\rc6.obj
c:\dev\security\keylogger-master\windows\keylogger.win32\keylogger.win32\libtomcrypt-develop\libtomcrypt-develop\msvc_win32_release\intermediate\rc5.obj
c:\dev\security\keylogger-master\windows\keylogger.win32\keylogger.win32\libtomcrypt-develop\libtomcrypt-develop\msvc_win32_release\intermediate\rc2.obj
c:\dev\security\keylogger-master\windows\keylogger.win32\keylogger.win32\libtomcrypt-develop\libtomcrypt-develop\msvc_win32_release\intermediate\noekeon.obj
c:\dev\security\keylogger-master\windows\keylogger.win32\keylogger.win32\libtomcrypt-develop\libtomcrypt-develop\msvc_win32_release\intermediate\multi2.obj
c:\dev\security\keylogger-master\windows\keylogger.win32\keylogger.win32\libtomcrypt-develop\libtomcrypt-develop\msvc_win32_release\intermediate\kseed.obj
c:\dev\security\keylogger-master\windows\keylogger.win32\keylogger.win32\libtomcrypt-develop\libtomcrypt-develop\msvc_win32_release\intermediate\khazad.obj
c:\dev\security\keylogger-master\windows\keylogger.win32\keylogger.win32\libtomcrypt-develop\libtomcrypt-develop\msvc_win32_release\intermediate\kasumi.obj
c:\dev\security\keylogger-master\windows\keylogger.win32\keylogger.win32\libtomcrypt-develop\libtomcrypt-develop\msvc_win32_release\intermediate\idea.obj
c:\dev\security\keylogger-master\windows\keylogger.win32\keylogger.win32\libtomcrypt-develop\libtomcrypt-develop\msvc_win32_release\intermediate\des.obj
c:\dev\security\keylogger-master\windows\keylogger.win32\keylogger.win32\libtomcrypt-develop\libtomcrypt-develop\msvc_win32_release\intermediate\cast5.obj
c:\dev\security\keylogger-master\windows\keylogger.win32\keylogger.win32\libtomcrypt-develop\libtomcrypt-develop\msvc_win32_release\intermediate\camellia.obj
c:\dev\security\keylogger-master\windows\keylogger.win32\keylogger.win32\libtomcrypt-develop\libtomcrypt-develop\msvc_win32_release\intermediate\blowfish.obj
c:\dev\security\keylogger-master\windows\keylogger.win32\keylogger.win32\libtomcrypt-develop\libtomcrypt-develop\msvc_win32_release\intermediate\anubis.obj
c:\dev\security\keylogger-master\windows\keylogger.win32\keylogger.win32\libtomcrypt-develop\libtomcrypt-develop\msvc_win32_release\intermediate\aes.obj
c:\dev\security\keylogger-master\windows\keylogger.win32\keylogger.win32\libtomcrypt-develop\libtomcrypt-develop\msvc_win32_release\intermediate\eax_addheader.obj
c:\dev\security\keylogger-master\windows\keylogger.win32\keylogger.win32\libtomcrypt-develop\libtomcrypt-develop\msvc_win32_release\intermediate\chacha20poly1305_test.obj
c:\dev\security\keylogger-master\windows\keylogger.win32\keylogger.win32\libtomcrypt-develop\libtomcrypt-develop\msvc_win32_release\intermediate\chacha20poly1305_setiv_rfc7905.obj
c:\dev\security\keylogger-master\windows\keylogger.win32\keylogger.win32\libtomcrypt-develop\libtomcrypt-develop\msvc_win32_release\intermediate\chacha20poly1305_setiv.obj
c:\dev\security\keylogger-master\windows\keylogger.win32\keylogger.win32\libtomcrypt-develop\libtomcrypt-develop\msvc_win32_release\intermediate\chacha20poly1305_memory.obj
c:\dev\security\keylogger-master\windows\keylogger.win32\keylogger.win32\libtomcrypt-develop\libtomcrypt-develop\msvc_win32_release\intermediate\chacha20poly1305_init.obj
c:\dev\security\keylogger-master\windows\keylogger.win32\keylogger.win32\libtomcrypt-develop\libtomcrypt-develop\msvc_win32_release\intermediate\chacha20poly1305_encrypt.obj
c:\dev\security\keylogger-master\windows\keylogger.win32\keylogger.win32\libtomcrypt-develop\libtomcrypt-develop\msvc_win32_release\intermediate\chacha20poly1305_done.obj
c:\dev\security\keylogger-master\windows\keylogger.win32\keylogger.win32\libtomcrypt-develop\libtomcrypt-develop\msvc_win32_release\intermediate\chacha20poly1305_decrypt.obj
c:\dev\security\keylogger-master\windows\keylogger.win32\keylogger.win32\libtomcrypt-develop\libtomcrypt-develop\msvc_win32_release\intermediate\chacha20poly1305_add_aad.obj
c:\dev\security\keylogger-master\windows\keylogger.win32\keylogger.win32\libtomcrypt-develop\libtomcrypt-develop\msvc_win32_release\intermediate\ccm_test.obj
c:\dev\security\keylogger-master\windows\keylogger.win32\keylogger.win32\libtomcrypt-develop\libtomcrypt-develop\msvc_win32_release\intermediate\ccm_reset.obj
c:\dev\security\keylogger-master\windows\keylogger.win32\keylogger.win32\libtomcrypt-develop\libtomcrypt-develop\msvc_win32_release\intermediate\ccm_process.obj
c:\dev\security\keylogger-master\windows\keylogger.win32\keylogger.win32\libtomcrypt-develop\libtomcrypt-develop\msvc_win32_release\intermediate\ccm_memory.obj
c:\dev\security\keylogger-master\windows\keylogger.win32\keylogger.win32\libtomcrypt-develop\libtomcrypt-develop\msvc_win32_release\intermediate\ccm_init.obj
c:\dev\security\keylogger-master\windows\keylogger.win32\keylogger.win32\libtomcrypt-develop\libtomcrypt-develop\msvc_win32_release\intermediate\ccm_done.obj
c:\dev\security\keylogger-master\windows\keylogger.win32\keylogger.win32\libtomcrypt-develop\libtomcrypt-develop\msvc_win32_release\intermediate\ccm_add_nonce.obj
c:\dev\security\keylogger-master\windows\keylogger.win32\keylogger.win32\libtomcrypt-develop\libtomcrypt-develop\msvc_win32_release\intermediate\ccm_add_aad.obj
c:\dev\security\keylogger-master\windows\keylogger.win32\keylogger.win32\libtomcrypt-develop\libtomcrypt-develop\msvc_win32_release\intermediate\xtea.obj
c:\dev\security\keylogger-master\windows\keylogger.win32\keylogger.win32\libtomcrypt-develop\libtomcrypt-develop\msvc_win32_release\intermediate\twofish.obj
c:\dev\security\keylogger-master\windows\keylogger.win32\keylogger.win32\libtomcrypt-develop\libtomcrypt-develop\msvc_win32_release\intermediate\ocb3_decrypt_last.obj
c:\dev\security\keylogger-master\windows\keylogger.win32\keylogger.win32\libtomcrypt-develop\libtomcrypt-develop\msvc_win32_release\intermediate\ocb3_decrypt.obj
c:\dev\security\keylogger-master\windows\keylogger.win32\keylogger.win32\libtomcrypt-develop\libtomcrypt-develop\msvc_win32_release\intermediate\ocb3_add_aad.obj
c:\dev\security\keylogger-master\windows\keylogger.win32\keylogger.win32\libtomcrypt-develop\libtomcrypt-develop\msvc_win32_release\intermediate\gcm_test.obj
c:\dev\security\keylogger-master\windows\keylogger.win32\keylogger.win32\libtomcrypt-develop\libtomcrypt-develop\msvc_win32_release\intermediate\gcm_reset.obj
c:\dev\security\keylogger-master\windows\keylogger.win32\keylogger.win32\libtomcrypt-develop\libtomcrypt-develop\msvc_win32_release\intermediate\gcm_process.obj
c:\dev\security\keylogger-master\windows\keylogger.win32\keylogger.win32\libtomcrypt-develop\libtomcrypt-develop\msvc_win32_release\intermediate\gcm_mult_h.obj
c:\dev\security\keylogger-master\windows\keylogger.win32\keylogger.win32\libtomcrypt-develop\libtomcrypt-develop\msvc_win32_release\intermediate\gcm_memory.obj
c:\dev\security\keylogger-master\windows\keylogger.win32\keylogger.win32\libtomcrypt-develop\libtomcrypt-develop\msvc_win32_release\intermediate\gcm_init.obj
c:\dev\security\keylogger-master\windows\keylogger.win32\keylogger.win32\libtomcrypt-develop\libtomcrypt-develop\msvc_win32_release\intermediate\gcm_gf_mult.obj
c:\dev\security\keylogger-master\windows\keylogger.win32\keylogger.win32\libtomcrypt-develop\libtomcrypt-develop\msvc_win32_release\intermediate\gcm_done.obj
c:\dev\security\keylogger-master\windows\keylogger.win32\keylogger.win32\libtomcrypt-develop\libtomcrypt-develop\msvc_win32_release\intermediate\gcm_add_iv.obj
c:\dev\security\keylogger-master\windows\keylogger.win32\keylogger.win32\libtomcrypt-develop\libtomcrypt-develop\msvc_win32_release\intermediate\gcm_add_aad.obj
c:\dev\security\keylogger-master\windows\keylogger.win32\keylogger.win32\libtomcrypt-develop\libtomcrypt-develop\msvc_win32_release\intermediate\eax_test.obj
c:\dev\security\keylogger-master\windows\keylogger.win32\keylogger.win32\libtomcrypt-develop\libtomcrypt-develop\msvc_win32_release\intermediate\eax_init.obj
c:\dev\security\keylogger-master\windows\keylogger.win32\keylogger.win32\libtomcrypt-develop\libtomcrypt-develop\msvc_win32_release\intermediate\eax_encrypt_authenticate_memory.obj
c:\dev\security\keylogger-master\windows\keylogger.win32\keylogger.win32\libtomcrypt-develop\libtomcrypt-develop\msvc_win32_release\intermediate\eax_encrypt.obj
c:\dev\security\keylogger-master\windows\keylogger.win32\keylogger.win32\libtomcrypt-develop\libtomcrypt-develop\msvc_win32_release\intermediate\eax_done.obj
c:\dev\security\keylogger-master\windows\keylogger.win32\keylogger.win32\libtomcrypt-develop\libtomcrypt-develop\msvc_win32_release\intermediate\eax_decrypt_verify_memory.obj
c:\dev\security\keylogger-master\windows\keylogger.win32\keylogger.win32\libtomcrypt-develop\libtomcrypt-develop\msvc_win32_release\intermediate\eax_decrypt.obj
c:\dev\security\keylogger-master\windows\keylogger.win32\keylogger.win32\libtomcrypt-develop\libtomcrypt-develop\msvc_win32_release\intermediate\s_ocb_done.obj
c:\dev\security\keylogger-master\windows\keylogger.win32\keylogger.win32\libtomcrypt-develop\libtomcrypt-develop\msvc_win32_release\intermediate\ocb_test.obj
c:\dev\security\keylogger-master\windows\keylogger.win32\keylogger.win32\libtomcrypt-develop\libtomcrypt-develop\msvc_win32_release\intermediate\ocb_shift_xor.obj
c:\dev\security\keylogger-master\windows\keylogger.win32\keylogger.win32\libtomcrypt-develop\libtomcrypt-develop\msvc_win32_release\intermediate\ocb_ntz.obj
c:\dev\security\keylogger-master\windows\keylogger.win32\keylogger.win32\libtomcrypt-develop\libtomcrypt-develop\msvc_win32_release\intermediate\ocb_init.obj
c:\dev\security\keylogger-master\windows\keylogger.win32\keylogger.win32\libtomcrypt-develop\libtomcrypt-develop\msvc_win32_release\intermediate\ocb_encrypt_authenticate_memory.obj
c:\dev\security\keylogger-master\windows\keylogger.win32\keylogger.win32\libtomcrypt-develop\libtomcrypt-develop\msvc_win32_release\intermediate\ocb_encrypt.obj
c:\dev\security\keylogger-master\windows\keylogger.win32\keylogger.win32\libtomcrypt-develop\libtomcrypt-develop\msvc_win32_release\intermediate\ocb_done_encrypt.obj
c:\dev\security\keylogger-master\windows\keylogger.win32\keylogger.win32\libtomcrypt-develop\libtomcrypt-develop\msvc_win32_release\intermediate\ocb_done_decrypt.obj
c:\dev\security\keylogger-master\windows\keylogger.win32\keylogger.win32\libtomcrypt-develop\libtomcrypt-develop\msvc_win32_release\intermediate\ocb_decrypt_verify_memory.obj
c:\dev\security\keylogger-master\windows\keylogger.win32\keylogger.win32\libtomcrypt-develop\libtomcrypt-develop\msvc_win32_release\intermediate\ocb_decrypt.obj
c:\dev\security\keylogger-master\windows\keylogger.win32\keylogger.win32\libtomcrypt-develop\libtomcrypt-develop\msvc_win32_release\intermediate\ocb3_test.obj
c:\dev\security\keylogger-master\windows\keylogger.win32\keylogger.win32\libtomcrypt-develop\libtomcrypt-develop\msvc_win32_release\intermediate\ocb3_int_xor_blocks.obj
c:\dev\security\keylogger-master\windows\keylogger.win32\keylogger.win32\libtomcrypt-develop\libtomcrypt-develop\msvc_win32_release\intermediate\ocb3_int_ntz.obj
c:\dev\security\keylogger-master\windows\keylogger.win32\keylogger.win32\libtomcrypt-develop\libtomcrypt-develop\msvc_win32_release\intermediate\ocb3_init.obj
c:\dev\security\keylogger-master\windows\keylogger.win32\keylogger.win32\libtomcrypt-develop\libtomcrypt-develop\msvc_win32_release\intermediate\ocb3_encrypt_last.obj
c:\dev\security\keylogger-master\windows\keylogger.win32\keylogger.win32\libtomcrypt-develop\libtomcrypt-develop\msvc_win32_release\intermediate\ocb3_encrypt_authenticate_memory.obj
c:\dev\security\keylogger-master\windows\keylogger.win32\keylogger.win32\libtomcrypt-develop\libtomcrypt-develop\msvc_win32_release\intermediate\ocb3_encrypt.obj
c:\dev\security\keylogger-master\windows\keylogger.win32\keylogger.win32\libtomcrypt-develop\libtomcrypt-develop\msvc_win32_release\intermediate\ocb3_done.obj
c:\dev\security\keylogger-master\windows\keylogger.win32\keylogger.win32\libtomcrypt-develop\libtomcrypt-develop\msvc_win32_release\intermediate\ocb3_decrypt_verify_memory.obj
c:\dev\security\keylogger-master\windows\keylogger.win32\keylogger.win32\libtomcrypt-develop\libtomcrypt-develop\msvc_win32_release\intermediate\sha512_224.obj
c:\dev\security\keylogger-master\windows\keylogger.win32\keylogger.win32\libtomcrypt-develop\libtomcrypt-develop\msvc_win32_release\intermediate\sha512.obj
c:\dev\security\keylogger-master\windows\keylogger.win32\keylogger.win32\libtomcrypt-develop\libtomcrypt-develop\msvc_win32_release\intermediate\sha384.obj
c:\dev\security\keylogger-master\windows\keylogger.win32\keylogger.win32\libtomcrypt-develop\libtomcrypt-develop\msvc_win32_release\intermediate\sha256.obj
c:\dev\security\keylogger-master\windows\keylogger.win32\keylogger.win32\libtomcrypt-develop\libtomcrypt-develop\msvc_win32_release\intermediate\sha224.obj
c:\dev\security\keylogger-master\windows\keylogger.win32\keylogger.win32\libtomcrypt-develop\libtomcrypt-develop\msvc_win32_release\intermediate\sha1.obj
c:\dev\security\keylogger-master\windows\keylogger.win32\keylogger.win32\libtomcrypt-develop\libtomcrypt-develop\msvc_win32_release\intermediate\rmd320.obj
c:\dev\security\keylogger-master\windows\keylogger.win32\keylogger.win32\libtomcrypt-develop\libtomcrypt-develop\msvc_win32_release\intermediate\rmd256.obj
c:\dev\security\keylogger-master\windows\keylogger.win32\keylogger.win32\libtomcrypt-develop\libtomcrypt-develop\msvc_win32_release\intermediate\rmd160.obj
c:\dev\security\keylogger-master\windows\keylogger.win32\keylogger.win32\libtomcrypt-develop\libtomcrypt-develop\msvc_win32_release\intermediate\rmd128.obj
c:\dev\security\keylogger-master\windows\keylogger.win32\keylogger.win32\libtomcrypt-develop\libtomcrypt-develop\msvc_win32_release\intermediate\md5.obj
c:\dev\security\keylogger-master\windows\keylogger.win32\keylogger.win32\libtomcrypt-develop\libtomcrypt-develop\msvc_win32_release\intermediate\md4.obj
c:\dev\security\keylogger-master\windows\keylogger.win32\keylogger.win32\libtomcrypt-develop\libtomcrypt-develop\msvc_win32_release\intermediate\md2.obj
c:\dev\security\keylogger-master\windows\keylogger.win32\keylogger.win32\libtomcrypt-develop\libtomcrypt-develop\msvc_win32_release\intermediate\hash_memory_multi.obj
c:\dev\security\keylogger-master\windows\keylogger.win32\keylogger.win32\libtomcrypt-develop\libtomcrypt-develop\msvc_win32_release\intermediate\hash_memory.obj
c:\dev\security\keylogger-master\windows\keylogger.win32\keylogger.win32\libtomcrypt-develop\libtomcrypt-develop\msvc_win32_release\intermediate\hash_filehandle.obj
c:\dev\security\keylogger-master\windows\keylogger.win32\keylogger.win32\libtomcrypt-develop\libtomcrypt-develop\msvc_win32_release\intermediate\hash_file.obj
c:\dev\security\keylogger-master\windows\keylogger.win32\keylogger.win32\libtomcrypt-develop\libtomcrypt-develop\msvc_win32_release\intermediate\chc.obj
c:\dev\security\keylogger-master\windows\keylogger.win32\keylogger.win32\libtomcrypt-develop\libtomcrypt-develop\msvc_win32_release\intermediate\blake2s.obj
c:\dev\security\keylogger-master\windows\keylogger.win32\keylogger.win32\libtomcrypt-develop\libtomcrypt-develop\msvc_win32_release\intermediate\blake2b.obj
c:\dev\security\keylogger-master\windows\keylogger.win32\keylogger.win32\libtomcrypt-develop\libtomcrypt-develop\msvc_win32_release\intermediate\f9_memory_multi.obj
c:\dev\security\keylogger-master\windows\keylogger.win32\keylogger.win32\libtomcrypt-develop\libtomcrypt-develop\msvc_win32_release\intermediate\f9_memory.obj
c:\dev\security\keylogger-master\windows\keylogger.win32\keylogger.win32\libtomcrypt-develop\libtomcrypt-develop\msvc_win32_release\intermediate\f9_init.obj
c:\dev\security\keylogger-master\windows\keylogger.win32\keylogger.win32\libtomcrypt-develop\libtomcrypt-develop\msvc_win32_release\intermediate\f9_file.obj
c:\dev\security\keylogger-master\windows\keylogger.win32\keylogger.win32\libtomcrypt-develop\libtomcrypt-develop\msvc_win32_release\intermediate\f9_done.obj
c:\dev\security\keylogger-master\windows\keylogger.win32\keylogger.win32\libtomcrypt-develop\libtomcrypt-develop\msvc_win32_release\intermediate\blake2smac_test.obj
c:\dev\security\keylogger-master\windows\keylogger.win32\keylogger.win32\libtomcrypt-develop\libtomcrypt-develop\msvc_win32_release\intermediate\blake2smac_memory_multi.obj
c:\dev\security\keylogger-master\windows\keylogger.win32\keylogger.win32\libtomcrypt-develop\libtomcrypt-develop\msvc_win32_release\intermediate\blake2smac_memory.obj
c:\dev\security\keylogger-master\windows\keylogger.win32\keylogger.win32\libtomcrypt-develop\libtomcrypt-develop\msvc_win32_release\intermediate\blake2smac_file.obj
c:\dev\security\keylogger-master\windows\keylogger.win32\keylogger.win32\libtomcrypt-develop\libtomcrypt-develop\msvc_win32_release\intermediate\blake2smac.obj
c:\dev\security\keylogger-master\windows\keylogger.win32\keylogger.win32\libtomcrypt-develop\libtomcrypt-develop\msvc_win32_release\intermediate\blake2bmac_test.obj
c:\dev\security\keylogger-master\windows\keylogger.win32\keylogger.win32\libtomcrypt-develop\libtomcrypt-develop\msvc_win32_release\intermediate\blake2bmac_memory_multi.obj
c:\dev\security\keylogger-master\windows\keylogger.win32\keylogger.win32\libtomcrypt-develop\libtomcrypt-develop\msvc_win32_release\intermediate\blake2bmac_memory.obj
c:\dev\security\keylogger-master\windows\keylogger.win32\keylogger.win32\libtomcrypt-develop\libtomcrypt-develop\msvc_win32_release\intermediate\blake2bmac_file.obj
c:\dev\security\keylogger-master\windows\keylogger.win32\keylogger.win32\libtomcrypt-develop\libtomcrypt-develop\msvc_win32_release\intermediate\blake2bmac.obj
c:\dev\security\keylogger-master\windows\keylogger.win32\keylogger.win32\libtomcrypt-develop\libtomcrypt-develop\msvc_win32_release\intermediate\whirl.obj
c:\dev\security\keylogger-master\windows\keylogger.win32\keylogger.win32\libtomcrypt-develop\libtomcrypt-develop\msvc_win32_release\intermediate\tiger.obj
c:\dev\security\keylogger-master\windows\keylogger.win32\keylogger.win32\libtomcrypt-develop\libtomcrypt-develop\msvc_win32_release\intermediate\sha3_test.obj
c:\dev\security\keylogger-master\windows\keylogger.win32\keylogger.win32\libtomcrypt-develop\libtomcrypt-develop\msvc_win32_release\intermediate\sha3.obj
c:\dev\security\keylogger-master\windows\keylogger.win32\keylogger.win32\libtomcrypt-develop\libtomcrypt-develop\msvc_win32_release\intermediate\sha512_256.obj
c:\dev\security\keylogger-master\windows\keylogger.win32\keylogger.win32\libtomcrypt-develop\libtomcrypt-develop\msvc_win32_release\intermediate\pmac_done.obj
c:\dev\security\keylogger-master\windows\keylogger.win32\keylogger.win32\libtomcrypt-develop\libtomcrypt-develop\msvc_win32_release\intermediate\pelican_test.obj
c:\dev\security\keylogger-master\windows\keylogger.win32\keylogger.win32\libtomcrypt-develop\libtomcrypt-develop\msvc_win32_release\intermediate\pelican_memory.obj
c:\dev\security\keylogger-master\windows\keylogger.win32\keylogger.win32\libtomcrypt-develop\libtomcrypt-develop\msvc_win32_release\intermediate\pelican.obj
c:\dev\security\keylogger-master\windows\keylogger.win32\keylogger.win32\libtomcrypt-develop\libtomcrypt-develop\msvc_win32_release\intermediate\omac_test.obj
c:\dev\security\keylogger-master\windows\keylogger.win32\keylogger.win32\libtomcrypt-develop\libtomcrypt-develop\msvc_win32_release\intermediate\omac_process.obj
c:\dev\security\keylogger-master\windows\keylogger.win32\keylogger.win32\libtomcrypt-develop\libtomcrypt-develop\msvc_win32_release\intermediate\omac_memory_multi.obj
c:\dev\security\keylogger-master\windows\keylogger.win32\keylogger.win32\libtomcrypt-develop\libtomcrypt-develop\msvc_win32_release\intermediate\omac_memory.obj
c:\dev\security\keylogger-master\windows\keylogger.win32\keylogger.win32\libtomcrypt-develop\libtomcrypt-develop\msvc_win32_release\intermediate\omac_init.obj
c:\dev\security\keylogger-master\windows\keylogger.win32\keylogger.win32\libtomcrypt-develop\libtomcrypt-develop\msvc_win32_release\intermediate\omac_file.obj
c:\dev\security\keylogger-master\windows\keylogger.win32\keylogger.win32\libtomcrypt-develop\libtomcrypt-develop\msvc_win32_release\intermediate\omac_done.obj
c:\dev\security\keylogger-master\windows\keylogger.win32\keylogger.win32\libtomcrypt-develop\libtomcrypt-develop\msvc_win32_release\intermediate\hmac_test.obj
c:\dev\security\keylogger-master\windows\keylogger.win32\keylogger.win32\libtomcrypt-develop\libtomcrypt-develop\msvc_win32_release\intermediate\hmac_process.obj
c:\dev\security\keylogger-master\windows\keylogger.win32\keylogger.win32\libtomcrypt-develop\libtomcrypt-develop\msvc_win32_release\intermediate\hmac_memory_multi.obj
c:\dev\security\keylogger-master\windows\keylogger.win32\keylogger.win32\libtomcrypt-develop\libtomcrypt-develop\msvc_win32_release\intermediate\hmac_memory.obj
c:\dev\security\keylogger-master\windows\keylogger.win32\keylogger.win32\libtomcrypt-develop\libtomcrypt-develop\msvc_win32_release\intermediate\hmac_init.obj
c:\dev\security\keylogger-master\windows\keylogger.win32\keylogger.win32\libtomcrypt-develop\libtomcrypt-develop\msvc_win32_release\intermediate\hmac_file.obj
c:\dev\security\keylogger-master\windows\keylogger.win32\keylogger.win32\libtomcrypt-develop\libtomcrypt-develop\msvc_win32_release\intermediate\hmac_done.obj
c:\dev\security\keylogger-master\windows\keylogger.win32\keylogger.win32\libtomcrypt-develop\libtomcrypt-develop\msvc_win32_release\intermediate\f9_test.obj
c:\dev\security\keylogger-master\windows\keylogger.win32\keylogger.win32\libtomcrypt-develop\libtomcrypt-develop\msvc_win32_release\intermediate\f9_process.obj
c:\dev\security\keylogger-master\windows\keylogger.win32\keylogger.win32\libtomcrypt-develop\libtomcrypt-develop\msvc_win32_release\intermediate\xcbc_test.obj
c:\dev\security\keylogger-master\windows\keylogger.win32\keylogger.win32\libtomcrypt-develop\libtomcrypt-develop\msvc_win32_release\intermediate\xcbc_process.obj
c:\dev\security\keylogger-master\windows\keylogger.win32\keylogger.win32\libtomcrypt-develop\libtomcrypt-develop\msvc_win32_release\intermediate\xcbc_memory_multi.obj
c:\dev\security\keylogger-master\windows\keylogger.win32\keylogger.win32\libtomcrypt-develop\libtomcrypt-develop\msvc_win32_release\intermediate\xcbc_memory.obj
c:\dev\security\keylogger-master\windows\keylogger.win32\keylogger.win32\libtomcrypt-develop\libtomcrypt-develop\msvc_win32_release\intermediate\xcbc_init.obj
c:\dev\security\keylogger-master\windows\keylogger.win32\keylogger.win32\libtomcrypt-develop\libtomcrypt-develop\msvc_win32_release\intermediate\xcbc_file.obj
c:\dev\security\keylogger-master\windows\keylogger.win32\keylogger.win32\libtomcrypt-develop\libtomcrypt-develop\msvc_win32_release\intermediate\xcbc_done.obj
c:\dev\security\keylogger-master\windows\keylogger.win32\keylogger.win32\libtomcrypt-develop\libtomcrypt-develop\msvc_win32_release\intermediate\poly1305_test.obj
c:\dev\security\keylogger-master\windows\keylogger.win32\keylogger.win32\libtomcrypt-develop\libtomcrypt-develop\msvc_win32_release\intermediate\poly1305_memory_multi.obj
c:\dev\security\keylogger-master\windows\keylogger.win32\keylogger.win32\libtomcrypt-develop\libtomcrypt-develop\msvc_win32_release\intermediate\poly1305_memory.obj
c:\dev\security\keylogger-master\windows\keylogger.win32\keylogger.win32\libtomcrypt-develop\libtomcrypt-develop\msvc_win32_release\intermediate\poly1305_file.obj
c:\dev\security\keylogger-master\windows\keylogger.win32\keylogger.win32\libtomcrypt-develop\libtomcrypt-develop\msvc_win32_release\intermediate\poly1305.obj
c:\dev\security\keylogger-master\windows\keylogger.win32\keylogger.win32\libtomcrypt-develop\libtomcrypt-develop\msvc_win32_release\intermediate\pmac_test.obj
c:\dev\security\keylogger-master\windows\keylogger.win32\keylogger.win32\libtomcrypt-develop\libtomcrypt-develop\msvc_win32_release\intermediate\pmac_shift_xor.obj
c:\dev\security\keylogger-master\windows\keylogger.win32\keylogger.win32\libtomcrypt-develop\libtomcrypt-develop\msvc_win32_release\intermediate\pmac_process.obj
c:\dev\security\keylogger-master\windows\keylogger.win32\keylogger.win32\libtomcrypt-develop\libtomcrypt-develop\msvc_win32_release\intermediate\pmac_ntz.obj
c:\dev\security\keylogger-master\windows\keylogger.win32\keylogger.win32\libtomcrypt-develop\libtomcrypt-develop\msvc_win32_release\intermediate\pmac_memory_multi.obj
c:\dev\security\keylogger-master\windows\keylogger.win32\keylogger.win32\libtomcrypt-develop\libtomcrypt-develop\msvc_win32_release\intermediate\pmac_memory.obj
c:\dev\security\keylogger-master\windows\keylogger.win32\keylogger.win32\libtomcrypt-develop\libtomcrypt-develop\msvc_win32_release\intermediate\pmac_init.obj
c:\dev\security\keylogger-master\windows\keylogger.win32\keylogger.win32\libtomcrypt-develop\libtomcrypt-develop\msvc_win32_release\intermediate\pmac_file.obj
c:\dev\security\keylogger-master\windows\keylogger.win32\keylogger.win32\libtomcrypt-develop\libtomcrypt-develop\msvc_win32_release\intermediate\crc32.obj
c:\dev\security\keylogger-master\windows\keylogger.win32\keylogger.win32\libtomcrypt-develop\libtomcrypt-develop\msvc_win32_release\intermediate\copy_or_zeromem.obj
c:\dev\security\keylogger-master\windows\keylogger.win32\keylogger.win32\libtomcrypt-develop\libtomcrypt-develop\msvc_win32_release\intermediate\compare_testvector.obj
c:\dev\security\keylogger-master\windows\keylogger.win32\keylogger.win32\libtomcrypt-develop\libtomcrypt-develop\msvc_win32_release\intermediate\burn_stack.obj
c:\dev\security\keylogger-master\windows\keylogger.win32\keylogger.win32\libtomcrypt-develop\libtomcrypt-develop\msvc_win32_release\intermediate\bcrypt.obj
c:\dev\security\keylogger-master\windows\keylogger.win32\keylogger.win32\libtomcrypt-develop\libtomcrypt-develop\msvc_win32_release\intermediate\base64_encode.obj
c:\dev\security\keylogger-master\windows\keylogger.win32\keylogger.win32\libtomcrypt-develop\libtomcrypt-develop\msvc_win32_release\intermediate\base64_decode.obj
c:\dev\security\keylogger-master\windows\keylogger.win32\keylogger.win32\libtomcrypt-develop\libtomcrypt-develop\msvc_win32_release\intermediate\base32_encode.obj
c:\dev\security\keylogger-master\windows\keylogger.win32\keylogger.win32\libtomcrypt-develop\libtomcrypt-develop\msvc_win32_release\intermediate\base32_decode.obj
c:\dev\security\keylogger-master\windows\keylogger.win32\keylogger.win32\libtomcrypt-develop\libtomcrypt-develop\msvc_win32_release\intermediate\base16_encode.obj
c:\dev\security\keylogger-master\windows\keylogger.win32\keylogger.win32\libtomcrypt-develop\libtomcrypt-develop\msvc_win32_release\intermediate\base16_decode.obj
c:\dev\security\keylogger-master\windows\keylogger.win32\keylogger.win32\libtomcrypt-develop\libtomcrypt-develop\msvc_win32_release\intermediate\adler32.obj
c:\dev\security\keylogger-master\windows\keylogger.win32\keylogger.win32\libtomcrypt-develop\libtomcrypt-develop\msvc_win32_release\intermediate\tfm_desc.obj
c:\dev\security\keylogger-master\windows\keylogger.win32\keylogger.win32\libtomcrypt-develop\libtomcrypt-develop\msvc_win32_release\intermediate\rand_prime.obj
c:\dev\security\keylogger-master\windows\keylogger.win32\keylogger.win32\libtomcrypt-develop\libtomcrypt-develop\msvc_win32_release\intermediate\rand_bn.obj
c:\dev\security\keylogger-master\windows\keylogger.win32\keylogger.win32\libtomcrypt-develop\libtomcrypt-develop\msvc_win32_release\intermediate\radix_to_bin.obj
c:\dev\security\keylogger-master\windows\keylogger.win32\keylogger.win32\libtomcrypt-develop\libtomcrypt-develop\msvc_win32_release\intermediate\multi.obj
c:\dev\security\keylogger-master\windows\keylogger.win32\keylogger.win32\libtomcrypt-develop\libtomcrypt-develop\msvc_win32_release\intermediate\ltm_desc.obj
c:\dev\security\keylogger-master\windows\keylogger.win32\keylogger.win32\libtomcrypt-develop\libtomcrypt-develop\msvc_win32_release\intermediate\gmp_desc.obj
c:\dev\security\keylogger-master\windows\keylogger.win32\keylogger.win32\libtomcrypt-develop\libtomcrypt-develop\msvc_win32_release\intermediate\ltc_ecc_fp_mulmod.obj
c:\dev\security\keylogger-master\windows\keylogger.win32\keylogger.win32\libtomcrypt-develop\libtomcrypt-develop\msvc_win32_release\intermediate\crypt_prng_is_valid.obj
c:\dev\security\keylogger-master\windows\keylogger.win32\keylogger.win32\libtomcrypt-develop\libtomcrypt-develop\msvc_win32_release\intermediate\crypt_prng_descriptor.obj
c:\dev\security\keylogger-master\windows\keylogger.win32\keylogger.win32\libtomcrypt-develop\libtomcrypt-develop\msvc_win32_release\intermediate\crypt_ltc_mp_descriptor.obj
c:\dev\security\keylogger-master\windows\keylogger.win32\keylogger.win32\libtomcrypt-develop\libtomcrypt-develop\msvc_win32_release\intermediate\crypt_inits.obj
c:\dev\security\keylogger-master\windows\keylogger.win32\keylogger.win32\libtomcrypt-develop\libtomcrypt-develop\msvc_win32_release\intermediate\crypt_hash_is_valid.obj
c:\dev\security\keylogger-master\windows\keylogger.win32\keylogger.win32\libtomcrypt-develop\libtomcrypt-develop\msvc_win32_release\intermediate\crypt_hash_descriptor.obj
c:\dev\security\keylogger-master\windows\keylogger.win32\keylogger.win32\libtomcrypt-develop\libtomcrypt-develop\msvc_win32_release\intermediate\crypt_fsa.obj
c:\dev\security\keylogger-master\windows\keylogger.win32\keylogger.win32\libtomcrypt-develop\libtomcrypt-develop\msvc_win32_release\intermediate\crypt_find_prng.obj
c:\dev\security\keylogger-master\windows\keylogger.win32\keylogger.win32\libtomcrypt-develop\libtomcrypt-develop\msvc_win32_release\intermediate\crypt_find_hash_oid.obj
c:\dev\security\keylogger-master\windows\keylogger.win32\keylogger.win32\libtomcrypt-develop\libtomcrypt-develop\msvc_win32_release\intermediate\crypt_find_hash_id.obj
c:\dev\security\keylogger-master\windows\keylogger.win32\keylogger.win32\libtomcrypt-develop\libtomcrypt-develop\msvc_win32_release\intermediate\crypt_find_hash_any.obj
c:\dev\security\keylogger-master\windows\keylogger.win32\keylogger.win32\libtomcrypt-develop\libtomcrypt-develop\msvc_win32_release\intermediate\crypt_find_hash.obj
c:\dev\security\keylogger-master\windows\keylogger.win32\keylogger.win32\libtomcrypt-develop\libtomcrypt-develop\msvc_win32_release\intermediate\crypt_find_cipher_id.obj
c:\dev\security\keylogger-master\windows\keylogger.win32\keylogger.win32\libtomcrypt-develop\libtomcrypt-develop\msvc_win32_release\intermediate\crypt_find_cipher_any.obj
c:\dev\security\keylogger-master\windows\keylogger.win32\keylogger.win32\libtomcrypt-develop\libtomcrypt-develop\msvc_win32_release\intermediate\crypt_find_cipher.obj
c:\dev\security\keylogger-master\windows\keylogger.win32\keylogger.win32\libtomcrypt-develop\libtomcrypt-develop\msvc_win32_release\intermediate\crypt_constants.obj
c:\dev\security\keylogger-master\windows\keylogger.win32\keylogger.win32\libtomcrypt-develop\libtomcrypt-develop\msvc_win32_release\intermediate\crypt_cipher_is_valid.obj
c:\dev\security\keylogger-master\windows\keylogger.win32\keylogger.win32\libtomcrypt-develop\libtomcrypt-develop\msvc_win32_release\intermediate\crypt_cipher_descriptor.obj
c:\dev\security\keylogger-master\windows\keylogger.win32\keylogger.win32\libtomcrypt-develop\libtomcrypt-develop\msvc_win32_release\intermediate\crypt_argchk.obj
c:\dev\security\keylogger-master\windows\keylogger.win32\keylogger.win32\libtomcrypt-develop\libtomcrypt-develop\msvc_win32_release\intermediate\crypt.obj
c:\dev\security\keylogger-master\windows\keylogger.win32\keylogger.win32\libtomcrypt-develop\libtomcrypt-develop\msvc_win32_release\intermediate\pbes2.obj
c:\dev\security\keylogger-master\windows\keylogger.win32\keylogger.win32\libtomcrypt-develop\libtomcrypt-develop\msvc_win32_release\intermediate\pbes1.obj
c:\dev\security\keylogger-master\windows\keylogger.win32\keylogger.win32\libtomcrypt-develop\libtomcrypt-develop\msvc_win32_release\intermediate\pbes.obj
c:\dev\security\keylogger-master\windows\keylogger.win32\keylogger.win32\libtomcrypt-develop\libtomcrypt-develop\msvc_win32_release\intermediate\padding_pad.obj
c:\dev\security\keylogger-master\windows\keylogger.win32\keylogger.win32\libtomcrypt-develop\libtomcrypt-develop\msvc_win32_release\intermediate\padding_depad.obj
c:\dev\security\keylogger-master\windows\keylogger.win32\keylogger.win32\libtomcrypt-develop\libtomcrypt-develop\msvc_win32_release\intermediate\mem_neq.obj
c:\dev\security\keylogger-master\windows\keylogger.win32\keylogger.win32\libtomcrypt-develop\libtomcrypt-develop\msvc_win32_release\intermediate\hkdf_test.obj
c:\dev\security\keylogger-master\windows\keylogger.win32\keylogger.win32\libtomcrypt-develop\libtomcrypt-develop\msvc_win32_release\intermediate\hkdf.obj
c:\dev\security\keylogger-master\windows\keylogger.win32\keylogger.win32\libtomcrypt-develop\libtomcrypt-develop\msvc_win32_release\intermediate\error_to_string.obj
c:\dev\security\keylogger-master\windows\keylogger.win32\keylogger.win32\libtomcrypt-develop\libtomcrypt-develop\msvc_win32_release\intermediate\crypt_unregister_prng.obj
c:\dev\security\keylogger-master\windows\keylogger.win32\keylogger.win32\libtomcrypt-develop\libtomcrypt-develop\msvc_win32_release\intermediate\crypt_unregister_hash.obj
c:\dev\security\keylogger-master\windows\keylogger.win32\keylogger.win32\libtomcrypt-develop\libtomcrypt-develop\msvc_win32_release\intermediate\crypt_unregister_cipher.obj
c:\dev\security\keylogger-master\windows\keylogger.win32\keylogger.win32\libtomcrypt-develop\libtomcrypt-develop\msvc_win32_release\intermediate\crypt_sizes.obj
c:\dev\security\keylogger-master\windows\keylogger.win32\keylogger.win32\libtomcrypt-develop\libtomcrypt-develop\msvc_win32_release\intermediate\crypt_register_prng.obj
c:\dev\security\keylogger-master\windows\keylogger.win32\keylogger.win32\libtomcrypt-develop\libtomcrypt-develop\msvc_win32_release\intermediate\crypt_register_hash.obj
c:\dev\security\keylogger-master\windows\keylogger.win32\keylogger.win32\libtomcrypt-develop\libtomcrypt-develop\msvc_win32_release\intermediate\crypt_register_cipher.obj
c:\dev\security\keylogger-master\windows\keylogger.win32\keylogger.win32\libtomcrypt-develop\libtomcrypt-develop\msvc_win32_release\intermediate\crypt_register_all_prngs.obj
c:\dev\security\keylogger-master\windows\keylogger.win32\keylogger.win32\libtomcrypt-develop\libtomcrypt-develop\msvc_win32_release\intermediate\crypt_register_all_hashes.obj
c:\dev\security\keylogger-master\windows\keylogger.win32\keylogger.win32\libtomcrypt-develop\libtomcrypt-develop\msvc_win32_release\intermediate\crypt_register_all_ciphers.obj
c:\dev\security\keylogger-master\windows\keylogger.win32\keylogger.win32\libtomcrypt-develop\libtomcrypt-develop\msvc_win32_release\intermediate\crypt_prng_rng_descriptor.obj
c:\dev\security\keylogger-master\windows\keylogger.win32\keylogger.win32\libtomcrypt-develop\libtomcrypt-develop\msvc_win32_release\intermediate\cfb_start.obj
c:\dev\security\keylogger-master\windows\keylogger.win32\keylogger.win32\libtomcrypt-develop\libtomcrypt-develop\msvc_win32_release\intermediate\cfb_setiv.obj
c:\dev\security\keylogger-master\windows\keylogger.win32\keylogger.win32\libtomcrypt-develop\libtomcrypt-develop\msvc_win32_release\intermediate\cfb_getiv.obj
c:\dev\security\keylogger-master\windows\keylogger.win32\keylogger.win32\libtomcrypt-develop\libtomcrypt-develop\msvc_win32_release\intermediate\cfb_encrypt.obj
c:\dev\security\keylogger-master\windows\keylogger.win32\keylogger.win32\libtomcrypt-develop\libtomcrypt-develop\msvc_win32_release\intermediate\cfb_done.obj
c:\dev\security\keylogger-master\windows\keylogger.win32\keylogger.win32\libtomcrypt-develop\libtomcrypt-develop\msvc_win32_release\intermediate\cfb_decrypt.obj
c:\dev\security\keylogger-master\windows\keylogger.win32\keylogger.win32\libtomcrypt-develop\libtomcrypt-develop\msvc_win32_release\intermediate\cbc_start.obj
c:\dev\security\keylogger-master\windows\keylogger.win32\keylogger.win32\libtomcrypt-develop\libtomcrypt-develop\msvc_win32_release\intermediate\cbc_setiv.obj
c:\dev\security\keylogger-master\windows\keylogger.win32\keylogger.win32\libtomcrypt-develop\libtomcrypt-develop\msvc_win32_release\intermediate\cbc_getiv.obj
c:\dev\security\keylogger-master\windows\keylogger.win32\keylogger.win32\libtomcrypt-develop\libtomcrypt-develop\msvc_win32_release\intermediate\cbc_encrypt.obj
c:\dev\security\keylogger-master\windows\keylogger.win32\keylogger.win32\libtomcrypt-develop\libtomcrypt-develop\msvc_win32_release\intermediate\cbc_done.obj
c:\dev\security\keylogger-master\windows\keylogger.win32\keylogger.win32\libtomcrypt-develop\libtomcrypt-develop\msvc_win32_release\intermediate\cbc_decrypt.obj
c:\dev\security\keylogger-master\windows\keylogger.win32\keylogger.win32\libtomcrypt-develop\libtomcrypt-develop\msvc_win32_release\intermediate\zeromem.obj
c:\dev\security\keylogger-master\windows\keylogger.win32\keylogger.win32\libtomcrypt-develop\libtomcrypt-develop\msvc_win32_release\intermediate\ssh_encode_sequence_multi.obj
c:\dev\security\keylogger-master\windows\keylogger.win32\keylogger.win32\libtomcrypt-develop\libtomcrypt-develop\msvc_win32_release\intermediate\ssh_decode_sequence_multi.obj
c:\dev\security\keylogger-master\windows\keylogger.win32\keylogger.win32\libtomcrypt-develop\libtomcrypt-develop\msvc_win32_release\intermediate\pkcs_5_test.obj
c:\dev\security\keylogger-master\windows\keylogger.win32\keylogger.win32\libtomcrypt-develop\libtomcrypt-develop\msvc_win32_release\intermediate\pkcs_5_2.obj
c:\dev\security\keylogger-master\windows\keylogger.win32\keylogger.win32\libtomcrypt-develop\libtomcrypt-develop\msvc_win32_release\intermediate\pkcs_5_1.obj
c:\dev\security\keylogger-master\windows\keylogger.win32\keylogger.win32\libtomcrypt-develop\libtomcrypt-develop\msvc_win32_release\intermediate\pkcs12_utf8_to_utf16.obj
c:\dev\security\keylogger-master\windows\keylogger.win32\keylogger.win32\libtomcrypt-develop\libtomcrypt-develop\msvc_win32_release\intermediate\pkcs12_kdf.obj
c:\dev\security\keylogger-master\windows\keylogger.win32\keylogger.win32\libtomcrypt-develop\libtomcrypt-develop\msvc_win32_release\intermediate\lrw_done.obj
c:\dev\security\keylogger-master\windows\keylogger.win32\keylogger.win32\libtomcrypt-develop\libtomcrypt-develop\msvc_win32_release\intermediate\lrw_decrypt.obj
c:\dev\security\keylogger-master\windows\keylogger.win32\keylogger.win32\libtomcrypt-develop\libtomcrypt-develop\msvc_win32_release\intermediate\f8_test_mode.obj
c:\dev\security\keylogger-master\windows\keylogger.win32\keylogger.win32\libtomcrypt-develop\libtomcrypt-develop\msvc_win32_release\intermediate\f8_start.obj
c:\dev\security\keylogger-master\windows\keylogger.win32\keylogger.win32\libtomcrypt-develop\libtomcrypt-develop\msvc_win32_release\intermediate\f8_setiv.obj
c:\dev\security\keylogger-master\windows\keylogger.win32\keylogger.win32\libtomcrypt-develop\libtomcrypt-develop\msvc_win32_release\intermediate\f8_getiv.obj
c:\dev\security\keylogger-master\windows\keylogger.win32\keylogger.win32\libtomcrypt-develop\libtomcrypt-develop\msvc_win32_release\intermediate\f8_encrypt.obj
c:\dev\security\keylogger-master\windows\keylogger.win32\keylogger.win32\libtomcrypt-develop\libtomcrypt-develop\msvc_win32_release\intermediate\f8_done.obj
c:\dev\security\keylogger-master\windows\keylogger.win32\keylogger.win32\libtomcrypt-develop\libtomcrypt-develop\msvc_win32_release\intermediate\f8_decrypt.obj
c:\dev\security\keylogger-master\windows\keylogger.win32\keylogger.win32\libtomcrypt-develop\libtomcrypt-develop\msvc_win32_release\intermediate\ecb_start.obj
c:\dev\security\keylogger-master\windows\keylogger.win32\keylogger.win32\libtomcrypt-develop\libtomcrypt-develop\msvc_win32_release\intermediate\ecb_encrypt.obj
c:\dev\security\keylogger-master\windows\keylogger.win32\keylogger.win32\libtomcrypt-develop\libtomcrypt-develop\msvc_win32_release\intermediate\ecb_done.obj
c:\dev\security\keylogger-master\windows\keylogger.win32\keylogger.win32\libtomcrypt-develop\libtomcrypt-develop\msvc_win32_release\intermediate\ecb_decrypt.obj
c:\dev\security\keylogger-master\windows\keylogger.win32\keylogger.win32\libtomcrypt-develop\libtomcrypt-develop\msvc_win32_release\intermediate\ctr_test.obj
c:\dev\security\keylogger-master\windows\keylogger.win32\keylogger.win32\libtomcrypt-develop\libtomcrypt-develop\msvc_win32_release\intermediate\ctr_start.obj
c:\dev\security\keylogger-master\windows\keylogger.win32\keylogger.win32\libtomcrypt-develop\libtomcrypt-develop\msvc_win32_release\intermediate\ctr_setiv.obj
c:\dev\security\keylogger-master\windows\keylogger.win32\keylogger.win32\libtomcrypt-develop\libtomcrypt-develop\msvc_win32_release\intermediate\ctr_getiv.obj
c:\dev\security\keylogger-master\windows\keylogger.win32\keylogger.win32\libtomcrypt-develop\libtomcrypt-develop\msvc_win32_release\intermediate\ctr_encrypt.obj
c:\dev\security\keylogger-master\windows\keylogger.win32\keylogger.win32\libtomcrypt-develop\libtomcrypt-develop\msvc_win32_release\intermediate\ctr_done.obj
c:\dev\security\keylogger-master\windows\keylogger.win32\keylogger.win32\libtomcrypt-develop\libtomcrypt-develop\msvc_win32_release\intermediate\ctr_decrypt.obj
c:\dev\security\keylogger-master\windows\keylogger.win32\keylogger.win32\libtomcrypt-develop\libtomcrypt-develop\msvc_win32_release\intermediate\der_decode_raw_bit_string.obj
c:\dev\security\keylogger-master\windows\keylogger.win32\keylogger.win32\libtomcrypt-develop\libtomcrypt-develop\msvc_win32_release\intermediate\der_decode_bit_string.obj
c:\dev\security\keylogger-master\windows\keylogger.win32\keylogger.win32\libtomcrypt-develop\libtomcrypt-develop\msvc_win32_release\intermediate\xts_test.obj
c:\dev\security\keylogger-master\windows\keylogger.win32\keylogger.win32\libtomcrypt-develop\libtomcrypt-develop\msvc_win32_release\intermediate\xts_mult_x.obj
c:\dev\security\keylogger-master\windows\keylogger.win32\keylogger.win32\libtomcrypt-develop\libtomcrypt-develop\msvc_win32_release\intermediate\xts_init.obj
c:\dev\security\keylogger-master\windows\keylogger.win32\keylogger.win32\libtomcrypt-develop\libtomcrypt-develop\msvc_win32_release\intermediate\xts_encrypt.obj
c:\dev\security\keylogger-master\windows\keylogger.win32\keylogger.win32\libtomcrypt-develop\libtomcrypt-develop\msvc_win32_release\intermediate\xts_done.obj
c:\dev\security\keylogger-master\windows\keylogger.win32\keylogger.win32\libtomcrypt-develop\libtomcrypt-develop\msvc_win32_release\intermediate\xts_decrypt.obj
c:\dev\security\keylogger-master\windows\keylogger.win32\keylogger.win32\libtomcrypt-develop\libtomcrypt-develop\msvc_win32_release\intermediate\ofb_start.obj
c:\dev\security\keylogger-master\windows\keylogger.win32\keylogger.win32\libtomcrypt-develop\libtomcrypt-develop\msvc_win32_release\intermediate\ofb_setiv.obj
c:\dev\security\keylogger-master\windows\keylogger.win32\keylogger.win32\libtomcrypt-develop\libtomcrypt-develop\msvc_win32_release\intermediate\ofb_getiv.obj
c:\dev\security\keylogger-master\windows\keylogger.win32\keylogger.win32\libtomcrypt-develop\libtomcrypt-develop\msvc_win32_release\intermediate\ofb_encrypt.obj
c:\dev\security\keylogger-master\windows\keylogger.win32\keylogger.win32\libtomcrypt-develop\libtomcrypt-develop\msvc_win32_release\intermediate\ofb_done.obj
c:\dev\security\keylogger-master\windows\keylogger.win32\keylogger.win32\libtomcrypt-develop\libtomcrypt-develop\msvc_win32_release\intermediate\ofb_decrypt.obj
c:\dev\security\keylogger-master\windows\keylogger.win32\keylogger.win32\libtomcrypt-develop\libtomcrypt-develop\msvc_win32_release\intermediate\lrw_test.obj
c:\dev\security\keylogger-master\windows\keylogger.win32\keylogger.win32\libtomcrypt-develop\libtomcrypt-develop\msvc_win32_release\intermediate\lrw_start.obj
c:\dev\security\keylogger-master\windows\keylogger.win32\keylogger.win32\libtomcrypt-develop\libtomcrypt-develop\msvc_win32_release\intermediate\lrw_setiv.obj
c:\dev\security\keylogger-master\windows\keylogger.win32\keylogger.win32\libtomcrypt-develop\libtomcrypt-develop\msvc_win32_release\intermediate\lrw_process.obj
c:\dev\security\keylogger-master\windows\keylogger.win32\keylogger.win32\libtomcrypt-develop\libtomcrypt-develop\msvc_win32_release\intermediate\lrw_getiv.obj
c:\dev\security\keylogger-master\windows\keylogger.win32\keylogger.win32\libtomcrypt-develop\libtomcrypt-develop\msvc_win32_release\intermediate\lrw_encrypt.obj
c:\dev\security\keylogger-master\windows\keylogger.win32\keylogger.win32\libtomcrypt-develop\libtomcrypt-develop\msvc_win32_release\intermediate\der_length_asn1_length.obj
c:\dev\security\keylogger-master\windows\keylogger.win32\keylogger.win32\libtomcrypt-develop\libtomcrypt-develop\msvc_win32_release\intermediate\der_length_asn1_identifier.obj
c:\dev\security\keylogger-master\windows\keylogger.win32\keylogger.win32\libtomcrypt-develop\libtomcrypt-develop\msvc_win32_release\intermediate\der_encode_asn1_length.obj
c:\dev\security\keylogger-master\windows\keylogger.win32\keylogger.win32\libtomcrypt-develop\libtomcrypt-develop\msvc_win32_release\intermediate\der_encode_asn1_identifier.obj
c:\dev\security\keylogger-master\windows\keylogger.win32\keylogger.win32\libtomcrypt-develop\libtomcrypt-develop\msvc_win32_release\intermediate\der_decode_asn1_length.obj
c:\dev\security\keylogger-master\windows\keylogger.win32\keylogger.win32\libtomcrypt-develop\libtomcrypt-develop\msvc_win32_release\intermediate\der_decode_asn1_identifier.obj
c:\dev\security\keylogger-master\windows\keylogger.win32\keylogger.win32\libtomcrypt-develop\libtomcrypt-develop\msvc_win32_release\intermediate\der_asn1_maps.obj
c:\dev\security\keylogger-master\windows\keylogger.win32\keylogger.win32\libtomcrypt-develop\libtomcrypt-develop\msvc_win32_release\intermediate\der_length_generalizedtime.obj
c:\dev\security\keylogger-master\windows\keylogger.win32\keylogger.win32\libtomcrypt-develop\libtomcrypt-develop\msvc_win32_release\intermediate\der_encode_generalizedtime.obj
c:\dev\security\keylogger-master\windows\keylogger.win32\keylogger.win32\libtomcrypt-develop\libtomcrypt-develop\msvc_win32_release\intermediate\der_decode_generalizedtime.obj
c:\dev\security\keylogger-master\windows\keylogger.win32\keylogger.win32\libtomcrypt-develop\libtomcrypt-develop\msvc_win32_release\intermediate\der_length_custom_type.obj
c:\dev\security\keylogger-master\windows\keylogger.win32\keylogger.win32\libtomcrypt-develop\libtomcrypt-develop\msvc_win32_release\intermediate\der_encode_custom_type.obj
c:\dev\security\keylogger-master\windows\keylogger.win32\keylogger.win32\libtomcrypt-develop\libtomcrypt-develop\msvc_win32_release\intermediate\der_decode_custom_type.obj
c:\dev\security\keylogger-master\windows\keylogger.win32\keylogger.win32\libtomcrypt-develop\libtomcrypt-develop\msvc_win32_release\intermediate\der_decode_choice.obj
c:\dev\security\keylogger-master\windows\keylogger.win32\keylogger.win32\libtomcrypt-develop\libtomcrypt-develop\msvc_win32_release\intermediate\der_length_boolean.obj
c:\dev\security\keylogger-master\windows\keylogger.win32\keylogger.win32\libtomcrypt-develop\libtomcrypt-develop\msvc_win32_release\intermediate\der_encode_boolean.obj
c:\dev\security\keylogger-master\windows\keylogger.win32\keylogger.win32\libtomcrypt-develop\libtomcrypt-develop\msvc_win32_release\intermediate\der_decode_boolean.obj
c:\dev\security\keylogger-master\windows\keylogger.win32\keylogger.win32\libtomcrypt-develop\libtomcrypt-develop\msvc_win32_release\intermediate\der_length_bit_string.obj
c:\dev\security\keylogger-master\windows\keylogger.win32\keylogger.win32\libtomcrypt-develop\libtomcrypt-develop\msvc_win32_release\intermediate\der_encode_raw_bit_string.obj
c:\dev\security\keylogger-master\windows\keylogger.win32\keylogger.win32\libtomcrypt-develop\libtomcrypt-develop\msvc_win32_release\intermediate\der_encode_bit_string.obj
c:\dev\security\keylogger-master\windows\keylogger.win32\keylogger.win32\libtomcrypt-develop\libtomcrypt-develop\msvc_win32_release\intermediate\der_encode_sequence_multi.obj
c:\dev\security\keylogger-master\windows\keylogger.win32\keylogger.win32\libtomcrypt-develop\libtomcrypt-develop\msvc_win32_release\intermediate\der_encode_sequence_ex.obj
c:\dev\security\keylogger-master\windows\keylogger.win32\keylogger.win32\libtomcrypt-develop\libtomcrypt-develop\msvc_win32_release\intermediate\der_decode_sequence_multi.obj
c:\dev\security\keylogger-master\windows\keylogger.win32\keylogger.win32\libtomcrypt-develop\libtomcrypt-develop\msvc_win32_release\intermediate\der_decode_sequence_flexi.obj
c:\dev\security\keylogger-master\windows\keylogger.win32\keylogger.win32\libtomcrypt-develop\libtomcrypt-develop\msvc_win32_release\intermediate\der_decode_sequence_ex.obj
c:\dev\security\keylogger-master\windows\keylogger.win32\keylogger.win32\libtomcrypt-develop\libtomcrypt-develop\msvc_win32_release\intermediate\der_length_printable_string.obj
c:\dev\security\keylogger-master\windows\keylogger.win32\keylogger.win32\libtomcrypt-develop\libtomcrypt-develop\msvc_win32_release\intermediate\der_encode_printable_string.obj
c:\dev\security\keylogger-master\windows\keylogger.win32\keylogger.win32\libtomcrypt-develop\libtomcrypt-develop\msvc_win32_release\intermediate\der_decode_printable_string.obj
c:\dev\security\keylogger-master\windows\keylogger.win32\keylogger.win32\libtomcrypt-develop\libtomcrypt-develop\msvc_win32_release\intermediate\der_length_octet_string.obj
c:\dev\security\keylogger-master\windows\keylogger.win32\keylogger.win32\libtomcrypt-develop\libtomcrypt-develop\msvc_win32_release\intermediate\der_encode_octet_string.obj
c:\dev\security\keylogger-master\windows\keylogger.win32\keylogger.win32\libtomcrypt-develop\libtomcrypt-develop\msvc_win32_release\intermediate\der_decode_octet_string.obj
c:\dev\security\keylogger-master\windows\keylogger.win32\keylogger.win32\libtomcrypt-develop\libtomcrypt-develop\msvc_win32_release\intermediate\der_length_object_identifier.obj
c:\dev\security\keylogger-master\windows\keylogger.win32\keylogger.win32\libtomcrypt-develop\libtomcrypt-develop\msvc_win32_release\intermediate\der_encode_object_identifier.obj
c:\dev\security\keylogger-master\windows\keylogger.win32\keylogger.win32\libtomcrypt-develop\libtomcrypt-develop\msvc_win32_release\intermediate\der_decode_object_identifier.obj
c:\dev\security\keylogger-master\windows\keylogger.win32\keylogger.win32\libtomcrypt-develop\libtomcrypt-develop\msvc_win32_release\intermediate\der_length_integer.obj
c:\dev\security\keylogger-master\windows\keylogger.win32\keylogger.win32\libtomcrypt-develop\libtomcrypt-develop\msvc_win32_release\intermediate\der_encode_integer.obj
c:\dev\security\keylogger-master\windows\keylogger.win32\keylogger.win32\libtomcrypt-develop\libtomcrypt-develop\msvc_win32_release\intermediate\der_decode_integer.obj
c:\dev\security\keylogger-master\windows\keylogger.win32\keylogger.win32\libtomcrypt-develop\libtomcrypt-develop\msvc_win32_release\intermediate\der_length_ia5_string.obj
c:\dev\security\keylogger-master\windows\keylogger.win32\keylogger.win32\libtomcrypt-develop\libtomcrypt-develop\msvc_win32_release\intermediate\der_encode_ia5_string.obj
c:\dev\security\keylogger-master\windows\keylogger.win32\keylogger.win32\libtomcrypt-develop\libtomcrypt-develop\msvc_win32_release\intermediate\der_decode_ia5_string.obj
c:\dev\security\keylogger-master\windows\keylogger.win32\keylogger.win32\libtomcrypt-develop\libtomcrypt-develop\msvc_win32_release\intermediate\pkcs8_decode_flexi.obj
c:\dev\security\keylogger-master\windows\keylogger.win32\keylogger.win32\libtomcrypt-develop\libtomcrypt-develop\msvc_win32_release\intermediate\pk_oid_str.obj
c:\dev\security\keylogger-master\windows\keylogger.win32\keylogger.win32\libtomcrypt-develop\libtomcrypt-develop\msvc_win32_release\intermediate\pk_oid_cmp.obj
c:\dev\security\keylogger-master\windows\keylogger.win32\keylogger.win32\libtomcrypt-develop\libtomcrypt-develop\msvc_win32_release\intermediate\pk_get_oid.obj
c:\dev\security\keylogger-master\windows\keylogger.win32\keylogger.win32\libtomcrypt-develop\libtomcrypt-develop\msvc_win32_release\intermediate\der_length_utf8_string.obj
c:\dev\security\keylogger-master\windows\keylogger.win32\keylogger.win32\libtomcrypt-develop\libtomcrypt-develop\msvc_win32_release\intermediate\der_encode_utf8_string.obj
c:\dev\security\keylogger-master\windows\keylogger.win32\keylogger.win32\libtomcrypt-develop\libtomcrypt-develop\msvc_win32_release\intermediate\der_decode_utf8_string.obj
c:\dev\security\keylogger-master\windows\keylogger.win32\keylogger.win32\libtomcrypt-develop\libtomcrypt-develop\msvc_win32_release\intermediate\der_length_utctime.obj
c:\dev\security\keylogger-master\windows\keylogger.win32\keylogger.win32\libtomcrypt-develop\libtomcrypt-develop\msvc_win32_release\intermediate\der_encode_utctime.obj
c:\dev\security\keylogger-master\windows\keylogger.win32\keylogger.win32\libtomcrypt-develop\libtomcrypt-develop\msvc_win32_release\intermediate\der_decode_utctime.obj
c:\dev\security\keylogger-master\windows\keylogger.win32\keylogger.win32\libtomcrypt-develop\libtomcrypt-develop\msvc_win32_release\intermediate\der_length_teletex_string.obj
c:\dev\security\keylogger-master\windows\keylogger.win32\keylogger.win32\libtomcrypt-develop\libtomcrypt-develop\msvc_win32_release\intermediate\der_decode_teletex_string.obj
c:\dev\security\keylogger-master\windows\keylogger.win32\keylogger.win32\libtomcrypt-develop\libtomcrypt-develop\msvc_win32_release\intermediate\der_length_short_integer.obj
c:\dev\security\keylogger-master\windows\keylogger.win32\keylogger.win32\libtomcrypt-develop\libtomcrypt-develop\msvc_win32_release\intermediate\der_encode_short_integer.obj
c:\dev\security\keylogger-master\windows\keylogger.win32\keylogger.win32\libtomcrypt-develop\libtomcrypt-develop\msvc_win32_release\intermediate\der_decode_short_integer.obj
c:\dev\security\keylogger-master\windows\keylogger.win32\keylogger.win32\libtomcrypt-develop\libtomcrypt-develop\msvc_win32_release\intermediate\der_encode_setof.obj
c:\dev\security\keylogger-master\windows\keylogger.win32\keylogger.win32\libtomcrypt-develop\libtomcrypt-develop\msvc_win32_release\intermediate\der_encode_set.obj
c:\dev\security\keylogger-master\windows\keylogger.win32\keylogger.win32\libtomcrypt-develop\libtomcrypt-develop\msvc_win32_release\intermediate\der_sequence_shrink.obj
c:\dev\security\keylogger-master\windows\keylogger.win32\keylogger.win32\libtomcrypt-develop\libtomcrypt-develop\msvc_win32_release\intermediate\der_sequence_free.obj
c:\dev\security\keylogger-master\windows\keylogger.win32\keylogger.win32\libtomcrypt-develop\libtomcrypt-develop\msvc_win32_release\intermediate\der_length_sequence.obj
c:\dev\security\keylogger-master\windows\keylogger.win32\keylogger.win32\libtomcrypt-develop\libtomcrypt-develop\msvc_win32_release\intermediate\dsa_import.obj
c:\dev\security\keylogger-master\windows\keylogger.win32\keylogger.win32\libtomcrypt-develop\libtomcrypt-develop\msvc_win32_release\intermediate\dsa_generate_pqg.obj
c:\dev\security\keylogger-master\windows\keylogger.win32\keylogger.win32\libtomcrypt-develop\libtomcrypt-develop\msvc_win32_release\intermediate\dsa_generate_key.obj
c:\dev\security\keylogger-master\windows\keylogger.win32\keylogger.win32\libtomcrypt-develop\libtomcrypt-develop\msvc_win32_release\intermediate\dsa_free.obj
c:\dev\security\keylogger-master\windows\keylogger.win32\keylogger.win32\libtomcrypt-develop\libtomcrypt-develop\msvc_win32_release\intermediate\dsa_export.obj
c:\dev\security\keylogger-master\windows\keylogger.win32\keylogger.win32\libtomcrypt-develop\libtomcrypt-develop\msvc_win32_release\intermediate\dsa_encrypt_key.obj
c:\dev\security\keylogger-master\windows\keylogger.win32\keylogger.win32\libtomcrypt-develop\libtomcrypt-develop\msvc_win32_release\intermediate\dsa_decrypt_key.obj
c:\dev\security\keylogger-master\windows\keylogger.win32\keylogger.win32\libtomcrypt-develop\libtomcrypt-develop\msvc_win32_release\intermediate\dh_shared_secret.obj
c:\dev\security\keylogger-master\windows\keylogger.win32\keylogger.win32\libtomcrypt-develop\libtomcrypt-develop\msvc_win32_release\intermediate\dh_set_pg_dhparam.obj
c:\dev\security\keylogger-master\windows\keylogger.win32\keylogger.win32\libtomcrypt-develop\libtomcrypt-develop\msvc_win32_release\intermediate\dh_set.obj
c:\dev\security\keylogger-master\windows\keylogger.win32\keylogger.win32\libtomcrypt-develop\libtomcrypt-develop\msvc_win32_release\intermediate\dh_import.obj
c:\dev\security\keylogger-master\windows\keylogger.win32\keylogger.win32\libtomcrypt-develop\libtomcrypt-develop\msvc_win32_release\intermediate\dh_generate_key.obj
c:\dev\security\keylogger-master\windows\keylogger.win32\keylogger.win32\libtomcrypt-develop\libtomcrypt-develop\msvc_win32_release\intermediate\dh_free.obj
c:\dev\security\keylogger-master\windows\keylogger.win32\keylogger.win32\libtomcrypt-develop\libtomcrypt-develop\msvc_win32_release\intermediate\dh_export_key.obj
c:\dev\security\keylogger-master\windows\keylogger.win32\keylogger.win32\libtomcrypt-develop\libtomcrypt-develop\msvc_win32_release\intermediate\dh_export.obj
c:\dev\security\keylogger-master\windows\keylogger.win32\keylogger.win32\libtomcrypt-develop\libtomcrypt-develop\msvc_win32_release\intermediate\dh_check_pubkey.obj
c:\dev\security\keylogger-master\windows\keylogger.win32\keylogger.win32\libtomcrypt-develop\libtomcrypt-develop\msvc_win32_release\intermediate\dh.obj
c:\dev\security\keylogger-master\windows\keylogger.win32\keylogger.win32\libtomcrypt-develop\libtomcrypt-develop\msvc_win32_release\intermediate\x509_encode_subject_public_key_info.obj
c:\dev\security\keylogger-master\windows\keylogger.win32\keylogger.win32\libtomcrypt-develop\libtomcrypt-develop\msvc_win32_release\intermediate\x509_decode_subject_public_key_info.obj
c:\dev\security\keylogger-master\windows\keylogger.win32\keylogger.win32\libtomcrypt-develop\libtomcrypt-develop\msvc_win32_release\intermediate\x509_decode_public_key_from_certificate.obj
c:\dev\security\keylogger-master\windows\keylogger.win32\keylogger.win32\libtomcrypt-develop\libtomcrypt-develop\msvc_win32_release\intermediate\ecc_get_key.obj
c:\dev\security\keylogger-master\windows\keylogger.win32\keylogger.win32\libtomcrypt-develop\libtomcrypt-develop\msvc_win32_release\intermediate\ecc_free.obj
c:\dev\security\keylogger-master\windows\keylogger.win32\keylogger.win32\libtomcrypt-develop\libtomcrypt-develop\msvc_win32_release\intermediate\ecc_find_curve.obj
c:\dev\security\keylogger-master\windows\keylogger.win32\keylogger.win32\libtomcrypt-develop\libtomcrypt-develop\msvc_win32_release\intermediate\ecc_export_openssl.obj
c:\dev\security\keylogger-master\windows\keylogger.win32\keylogger.win32\libtomcrypt-develop\libtomcrypt-develop\msvc_win32_release\intermediate\ecc_export.obj
c:\dev\security\keylogger-master\windows\keylogger.win32\keylogger.win32\libtomcrypt-develop\libtomcrypt-develop\msvc_win32_release\intermediate\ecc_encrypt_key.obj
c:\dev\security\keylogger-master\windows\keylogger.win32\keylogger.win32\libtomcrypt-develop\libtomcrypt-develop\msvc_win32_release\intermediate\ecc_decrypt_key.obj
c:\dev\security\keylogger-master\windows\keylogger.win32\keylogger.win32\libtomcrypt-develop\libtomcrypt-develop\msvc_win32_release\intermediate\ecc_ansi_x963_import.obj
c:\dev\security\keylogger-master\windows\keylogger.win32\keylogger.win32\libtomcrypt-develop\libtomcrypt-develop\msvc_win32_release\intermediate\ecc_ansi_x963_export.obj
c:\dev\security\keylogger-master\windows\keylogger.win32\keylogger.win32\libtomcrypt-develop\libtomcrypt-develop\msvc_win32_release\intermediate\ecc.obj
c:\dev\security\keylogger-master\windows\keylogger.win32\keylogger.win32\libtomcrypt-develop\libtomcrypt-develop\msvc_win32_release\intermediate\tweetnacl.obj
c:\dev\security\keylogger-master\windows\keylogger.win32\keylogger.win32\libtomcrypt-develop\libtomcrypt-develop\msvc_win32_release\intermediate\ec25519_import_pkcs8.obj
c:\dev\security\keylogger-master\windows\keylogger.win32\keylogger.win32\libtomcrypt-develop\libtomcrypt-develop\msvc_win32_release\intermediate\ec25519_export.obj
c:\dev\security\keylogger-master\windows\keylogger.win32\keylogger.win32\libtomcrypt-develop\libtomcrypt-develop\msvc_win32_release\intermediate\dsa_verify_key.obj
c:\dev\security\keylogger-master\windows\keylogger.win32\keylogger.win32\libtomcrypt-develop\libtomcrypt-develop\msvc_win32_release\intermediate\dsa_verify_hash.obj
c:\dev\security\keylogger-master\windows\keylogger.win32\keylogger.win32\libtomcrypt-develop\libtomcrypt-develop\msvc_win32_release\intermediate\dsa_sign_hash.obj
c:\dev\security\keylogger-master\windows\keylogger.win32\keylogger.win32\libtomcrypt-develop\libtomcrypt-develop\msvc_win32_release\intermediate\dsa_shared_secret.obj
c:\dev\security\keylogger-master\windows\keylogger.win32\keylogger.win32\libtomcrypt-develop\libtomcrypt-develop\msvc_win32_release\intermediate\dsa_set_pqg_dsaparam.obj
c:\dev\security\keylogger-master\windows\keylogger.win32\keylogger.win32\libtomcrypt-develop\libtomcrypt-develop\msvc_win32_release\intermediate\dsa_set.obj
c:\dev\security\keylogger-master\windows\keylogger.win32\keylogger.win32\libtomcrypt-develop\libtomcrypt-develop\msvc_win32_release\intermediate\dsa_make_key.obj
c:\dev\security\keylogger-master\windows\keylogger.win32\keylogger.win32\libtomcrypt-develop\libtomcrypt-develop\msvc_win32_release\intermediate\ltc_ecc_is_point_at_infinity.obj
c:\dev\security\keylogger-master\windows\keylogger.win32\keylogger.win32\libtomcrypt-develop\libtomcrypt-develop\msvc_win32_release\intermediate\ltc_ecc_is_point.obj
c:\dev\security\keylogger-master\windows\keylogger.win32\keylogger.win32\libtomcrypt-develop\libtomcrypt-develop\msvc_win32_release\intermediate\ltc_ecc_import_point.obj
c:\dev\security\keylogger-master\windows\keylogger.win32\keylogger.win32\libtomcrypt-develop\libtomcrypt-develop\msvc_win32_release\intermediate\ltc_ecc_export_point.obj
c:\dev\security\keylogger-master\windows\keylogger.win32\keylogger.win32\libtomcrypt-develop\libtomcrypt-develop\msvc_win32_release\intermediate\ecc_verify_hash.obj
c:\dev\security\keylogger-master\windows\keylogger.win32\keylogger.win32\libtomcrypt-develop\libtomcrypt-develop\msvc_win32_release\intermediate\ecc_ssh_ecdsa_encode_name.obj
c:\dev\security\keylogger-master\windows\keylogger.win32\keylogger.win32\libtomcrypt-develop\libtomcrypt-develop\msvc_win32_release\intermediate\ecc_sizes.obj
c:\dev\security\keylogger-master\windows\keylogger.win32\keylogger.win32\libtomcrypt-develop\libtomcrypt-develop\msvc_win32_release\intermediate\ecc_sign_hash.obj
c:\dev\security\keylogger-master\windows\keylogger.win32\keylogger.win32\libtomcrypt-develop\libtomcrypt-develop\msvc_win32_release\intermediate\ecc_shared_secret.obj
c:\dev\security\keylogger-master\windows\keylogger.win32\keylogger.win32\libtomcrypt-develop\libtomcrypt-develop\msvc_win32_release\intermediate\ecc_set_key.obj
c:\dev\security\keylogger-master\windows\keylogger.win32\keylogger.win32\libtomcrypt-develop\libtomcrypt-develop\msvc_win32_release\intermediate\ecc_set_curve_internal.obj
c:\dev\security\keylogger-master\windows\keylogger.win32\keylogger.win32\libtomcrypt-develop\libtomcrypt-develop\msvc_win32_release\intermediate\ecc_set_curve.obj
c:\dev\security\keylogger-master\windows\keylogger.win32\keylogger.win32\libtomcrypt-develop\libtomcrypt-develop\msvc_win32_release\intermediate\ecc_recover_key.obj
c:\dev\security\keylogger-master\windows\keylogger.win32\keylogger.win32\libtomcrypt-develop\libtomcrypt-develop\msvc_win32_release\intermediate\ecc_make_key.obj
c:\dev\security\keylogger-master\windows\keylogger.win32\keylogger.win32\libtomcrypt-develop\libtomcrypt-develop\msvc_win32_release\intermediate\ecc_import_x509.obj
c:\dev\security\keylogger-master\windows\keylogger.win32\keylogger.win32\libtomcrypt-develop\libtomcrypt-develop\msvc_win32_release\intermediate\ecc_import_pkcs8.obj
c:\dev\security\keylogger-master\windows\keylogger.win32\keylogger.win32\libtomcrypt-develop\libtomcrypt-develop\msvc_win32_release\intermediate\ecc_import_openssl.obj
c:\dev\security\keylogger-master\windows\keylogger.win32\keylogger.win32\libtomcrypt-develop\libtomcrypt-develop\msvc_win32_release\intermediate\ecc_import.obj
c:\dev\security\keylogger-master\windows\keylogger.win32\keylogger.win32\libtomcrypt-develop\libtomcrypt-develop\msvc_win32_release\intermediate\ecc_get_size.obj
c:\dev\security\keylogger-master\windows\keylogger.win32\keylogger.win32\libtomcrypt-develop\libtomcrypt-develop\msvc_win32_release\intermediate\ecc_get_oid_str.obj
c:\dev\security\keylogger-master\windows\keylogger.win32\keylogger.win32\libtomcrypt-develop\libtomcrypt-develop\msvc_win32_release\intermediate\pkcs_1_oaep_encode.obj
c:\dev\security\keylogger-master\windows\keylogger.win32\keylogger.win32\libtomcrypt-develop\libtomcrypt-develop\msvc_win32_release\intermediate\pkcs_1_oaep_decode.obj
c:\dev\security\keylogger-master\windows\keylogger.win32\keylogger.win32\libtomcrypt-develop\libtomcrypt-develop\msvc_win32_release\intermediate\pkcs_1_mgf1.obj
c:\dev\security\keylogger-master\windows\keylogger.win32\keylogger.win32\libtomcrypt-develop\libtomcrypt-develop\msvc_win32_release\intermediate\pkcs_1_i2osp.obj
c:\dev\security\keylogger-master\windows\keylogger.win32\keylogger.win32\libtomcrypt-develop\libtomcrypt-develop\msvc_win32_release\intermediate\ed25519_verify.obj
c:\dev\security\keylogger-master\windows\keylogger.win32\keylogger.win32\libtomcrypt-develop\libtomcrypt-develop\msvc_win32_release\intermediate\ed25519_sign.obj
c:\dev\security\keylogger-master\windows\keylogger.win32\keylogger.win32\libtomcrypt-develop\libtomcrypt-develop\msvc_win32_release\intermediate\ed25519_make_key.obj
c:\dev\security\keylogger-master\windows\keylogger.win32\keylogger.win32\libtomcrypt-develop\libtomcrypt-develop\msvc_win32_release\intermediate\ed25519_import_x509.obj
c:\dev\security\keylogger-master\windows\keylogger.win32\keylogger.win32\libtomcrypt-develop\libtomcrypt-develop\msvc_win32_release\intermediate\ed25519_import_raw.obj
c:\dev\security\keylogger-master\windows\keylogger.win32\keylogger.win32\libtomcrypt-develop\libtomcrypt-develop\msvc_win32_release\intermediate\ed25519_import_pkcs8.obj
c:\dev\security\keylogger-master\windows\keylogger.win32\keylogger.win32\libtomcrypt-develop\libtomcrypt-develop\msvc_win32_release\intermediate\ed25519_import.obj
c:\dev\security\keylogger-master\windows\keylogger.win32\keylogger.win32\libtomcrypt-develop\libtomcrypt-develop\msvc_win32_release\intermediate\ed25519_export.obj
c:\dev\security\keylogger-master\windows\keylogger.win32\keylogger.win32\libtomcrypt-develop\libtomcrypt-develop\msvc_win32_release\intermediate\ltc_ecc_verify_key.obj
c:\dev\security\keylogger-master\windows\keylogger.win32\keylogger.win32\libtomcrypt-develop\libtomcrypt-develop\msvc_win32_release\intermediate\ltc_ecc_projective_dbl_point.obj
c:\dev\security\keylogger-master\windows\keylogger.win32\keylogger.win32\libtomcrypt-develop\libtomcrypt-develop\msvc_win32_release\intermediate\ltc_ecc_projective_add_point.obj
c:\dev\security\keylogger-master\windows\keylogger.win32\keylogger.win32\libtomcrypt-develop\libtomcrypt-develop\msvc_win32_release\intermediate\ltc_ecc_points.obj
c:\dev\security\keylogger-master\windows\keylogger.win32\keylogger.win32\libtomcrypt-develop\libtomcrypt-develop\msvc_win32_release\intermediate\ltc_ecc_mulmod_timing.obj
c:\dev\security\keylogger-master\windows\keylogger.win32\keylogger.win32\libtomcrypt-develop\libtomcrypt-develop\msvc_win32_release\intermediate\ltc_ecc_mulmod.obj
c:\dev\security\keylogger-master\windows\keylogger.win32\keylogger.win32\libtomcrypt-develop\libtomcrypt-develop\msvc_win32_release\intermediate\ltc_ecc_mul2add.obj
c:\dev\security\keylogger-master\windows\keylogger.win32\keylogger.win32\libtomcrypt-develop\libtomcrypt-develop\msvc_win32_release\intermediate\ltc_ecc_map.obj
c:\dev\security\keylogger-master\windows\keylogger.win32\keylogger.win32\libtomcrypt-develop\libtomcrypt-develop\msvc_win32_release\intermediate\x25519_export.obj
c:\dev\security\keylogger-master\windows\keylogger.win32\keylogger.win32\libtomcrypt-develop\libtomcrypt-develop\msvc_win32_release\intermediate\rsa_verify_hash.obj
c:\dev\security\keylogger-master\windows\keylogger.win32\keylogger.win32\libtomcrypt-develop\libtomcrypt-develop\msvc_win32_release\intermediate\rsa_sign_saltlen_get.obj
c:\dev\security\keylogger-master\windows\keylogger.win32\keylogger.win32\libtomcrypt-develop\libtomcrypt-develop\msvc_win32_release\intermediate\rsa_sign_hash.obj
c:\dev\security\keylogger-master\windows\keylogger.win32\keylogger.win32\libtomcrypt-develop\libtomcrypt-develop\msvc_win32_release\intermediate\rsa_set.obj
c:\dev\security\keylogger-master\windows\keylogger.win32\keylogger.win32\libtomcrypt-develop\libtomcrypt-develop\msvc_win32_release\intermediate\rsa_make_key.obj
c:\dev\security\keylogger-master\windows\keylogger.win32\keylogger.win32\libtomcrypt-develop\libtomcrypt-develop\msvc_win32_release\intermediate\rsa_key.obj
c:\dev\security\keylogger-master\windows\keylogger.win32\keylogger.win32\libtomcrypt-develop\libtomcrypt-develop\msvc_win32_release\intermediate\rsa_import_x509.obj
c:\dev\security\keylogger-master\windows\keylogger.win32\keylogger.win32\libtomcrypt-develop\libtomcrypt-develop\msvc_win32_release\intermediate\rsa_import_pkcs8.obj
c:\dev\security\keylogger-master\windows\keylogger.win32\keylogger.win32\libtomcrypt-develop\libtomcrypt-develop\msvc_win32_release\intermediate\rsa_import.obj
c:\dev\security\keylogger-master\windows\keylogger.win32\keylogger.win32\libtomcrypt-develop\libtomcrypt-develop\msvc_win32_release\intermediate\rsa_get_size.obj
c:\dev\security\keylogger-master\windows\keylogger.win32\keylogger.win32\libtomcrypt-develop\libtomcrypt-develop\msvc_win32_release\intermediate\rsa_exptmod.obj
c:\dev\security\keylogger-master\windows\keylogger.win32\keylogger.win32\libtomcrypt-develop\libtomcrypt-develop\msvc_win32_release\intermediate\rsa_export.obj
c:\dev\security\keylogger-master\windows\keylogger.win32\keylogger.win32\libtomcrypt-develop\libtomcrypt-develop\msvc_win32_release\intermediate\rsa_encrypt_key.obj
c:\dev\security\keylogger-master\windows\keylogger.win32\keylogger.win32\libtomcrypt-develop\libtomcrypt-develop\msvc_win32_release\intermediate\rsa_decrypt_key.obj
c:\dev\security\keylogger-master\windows\keylogger.win32\keylogger.win32\libtomcrypt-develop\libtomcrypt-develop\msvc_win32_release\intermediate\pkcs_1_v1_5_encode.obj
c:\dev\security\keylogger-master\windows\keylogger.win32\keylogger.win32\libtomcrypt-develop\libtomcrypt-develop\msvc_win32_release\intermediate\pkcs_1_v1_5_decode.obj
c:\dev\security\keylogger-master\windows\keylogger.win32\keylogger.win32\libtomcrypt-develop\libtomcrypt-develop\msvc_win32_release\intermediate\pkcs_1_pss_encode.obj
c:\dev\security\keylogger-master\windows\keylogger.win32\keylogger.win32\libtomcrypt-develop\libtomcrypt-develop\msvc_win32_release\intermediate\pkcs_1_pss_decode.obj
c:\dev\security\keylogger-master\windows\keylogger.win32\keylogger.win32\libtomcrypt-develop\libtomcrypt-develop\msvc_win32_release\intermediate\pkcs_1_os2ip.obj
c:\dev\security\keylogger-master\windows\keylogger.win32\keylogger.win32\libtomcrypt-develop\libtomcrypt-develop\msvc_win32_release\intermediate\chacha_memory.obj
c:\dev\security\keylogger-master\windows\keylogger.win32\keylogger.win32\libtomcrypt-develop\libtomcrypt-develop\msvc_win32_release\intermediate\chacha_keystream.obj
c:\dev\security\keylogger-master\windows\keylogger.win32\keylogger.win32\libtomcrypt-develop\libtomcrypt-develop\msvc_win32_release\intermediate\chacha_ivctr64.obj
c:\dev\security\keylogger-master\windows\keylogger.win32\keylogger.win32\libtomcrypt-develop\libtomcrypt-develop\msvc_win32_release\intermediate\chacha_ivctr32.obj
c:\dev\security\keylogger-master\windows\keylogger.win32\keylogger.win32\libtomcrypt-develop\libtomcrypt-develop\msvc_win32_release\intermediate\chacha_done.obj
c:\dev\security\keylogger-master\windows\keylogger.win32\keylogger.win32\libtomcrypt-develop\libtomcrypt-develop\msvc_win32_release\intermediate\chacha_crypt.obj
c:\dev\security\keylogger-master\windows\keylogger.win32\keylogger.win32\libtomcrypt-develop\libtomcrypt-develop\msvc_win32_release\intermediate\yarrow.obj
c:\dev\security\keylogger-master\windows\keylogger.win32\keylogger.win32\libtomcrypt-develop\libtomcrypt-develop\msvc_win32_release\intermediate\sprng.obj
c:\dev\security\keylogger-master\windows\keylogger.win32\keylogger.win32\libtomcrypt-develop\libtomcrypt-develop\msvc_win32_release\intermediate\sober128.obj
c:\dev\security\keylogger-master\windows\keylogger.win32\keylogger.win32\libtomcrypt-develop\libtomcrypt-develop\msvc_win32_release\intermediate\rng_make_prng.obj
c:\dev\security\keylogger-master\windows\keylogger.win32\keylogger.win32\libtomcrypt-develop\libtomcrypt-develop\msvc_win32_release\intermediate\rng_get_bytes.obj
c:\dev\security\keylogger-master\windows\keylogger.win32\keylogger.win32\libtomcrypt-develop\libtomcrypt-develop\msvc_win32_release\intermediate\rc4.obj
c:\dev\security\keylogger-master\windows\keylogger.win32\keylogger.win32\libtomcrypt-develop\libtomcrypt-develop\msvc_win32_release\intermediate\fortuna.obj
c:\dev\security\keylogger-master\windows\keylogger.win32\keylogger.win32\libtomcrypt-develop\libtomcrypt-develop\msvc_win32_release\intermediate\chacha20.obj
c:\dev\security\keylogger-master\windows\keylogger.win32\keylogger.win32\libtomcrypt-develop\libtomcrypt-develop\msvc_win32_release\intermediate\x25519_shared_secret.obj
c:\dev\security\keylogger-master\windows\keylogger.win32\keylogger.win32\libtomcrypt-develop\libtomcrypt-develop\msvc_win32_release\intermediate\x25519_make_key.obj
c:\dev\security\keylogger-master\windows\keylogger.win32\keylogger.win32\libtomcrypt-develop\libtomcrypt-develop\msvc_win32_release\intermediate\x25519_import_x509.obj
c:\dev\security\keylogger-master\windows\keylogger.win32\keylogger.win32\libtomcrypt-develop\libtomcrypt-develop\msvc_win32_release\intermediate\x25519_import_raw.obj
c:\dev\security\keylogger-master\windows\keylogger.win32\keylogger.win32\libtomcrypt-develop\libtomcrypt-develop\msvc_win32_release\intermediate\x25519_import_pkcs8.obj
c:\dev\security\keylogger-master\windows\keylogger.win32\keylogger.win32\libtomcrypt-develop\libtomcrypt-develop\msvc_win32_release\intermediate\x25519_import.obj
c:\dev\security\keylogger-master\windows\keylogger.win32\keylogger.win32\libtomcrypt-develop\libtomcrypt-develop\msvc_win32_release\intermediate\sober128_test.obj
c:\dev\security\keylogger-master\windows\keylogger.win32\keylogger.win32\libtomcrypt-develop\libtomcrypt-develop\msvc_win32_release\intermediate\sober128_stream_memory.obj
c:\dev\security\keylogger-master\windows\keylogger.win32\keylogger.win32\libtomcrypt-develop\libtomcrypt-develop\msvc_win32_release\intermediate\sober128_stream.obj
c:\dev\security\keylogger-master\windows\keylogger.win32\keylogger.win32\libtomcrypt-develop\libtomcrypt-develop\msvc_win32_release\intermediate\xsalsa20_test.obj
c:\dev\security\keylogger-master\windows\keylogger.win32\keylogger.win32\libtomcrypt-develop\libtomcrypt-develop\msvc_win32_release\intermediate\xsalsa20_setup.obj
c:\dev\security\keylogger-master\windows\keylogger.win32\keylogger.win32\libtomcrypt-develop\libtomcrypt-develop\msvc_win32_release\intermediate\xsalsa20_memory.obj
c:\dev\security\keylogger-master\windows\keylogger.win32\keylogger.win32\libtomcrypt-develop\libtomcrypt-develop\msvc_win32_release\intermediate\salsa20_test.obj
c:\dev\security\keylogger-master\windows\keylogger.win32\keylogger.win32\libtomcrypt-develop\libtomcrypt-develop\msvc_win32_release\intermediate\salsa20_setup.obj
c:\dev\security\keylogger-master\windows\keylogger.win32\keylogger.win32\libtomcrypt-develop\libtomcrypt-develop\msvc_win32_release\intermediate\salsa20_memory.obj
c:\dev\security\keylogger-master\windows\keylogger.win32\keylogger.win32\libtomcrypt-develop\libtomcrypt-develop\msvc_win32_release\intermediate\salsa20_keystream.obj
c:\dev\security\keylogger-master\windows\keylogger.win32\keylogger.win32\libtomcrypt-develop\libtomcrypt-develop\msvc_win32_release\intermediate\salsa20_ivctr64.obj
c:\dev\security\keylogger-master\windows\keylogger.win32\keylogger.win32\libtomcrypt-develop\libtomcrypt-develop\msvc_win32_release\intermediate\salsa20_done.obj
c:\dev\security\keylogger-master\windows\keylogger.win32\keylogger.win32\libtomcrypt-develop\libtomcrypt-develop\msvc_win32_release\intermediate\salsa20_crypt.obj
c:\dev\security\keylogger-master\windows\keylogger.win32\keylogger.win32\libtomcrypt-develop\libtomcrypt-develop\msvc_win32_release\intermediate\rc4_test.obj
c:\dev\security\keylogger-master\windows\keylogger.win32\keylogger.win32\libtomcrypt-develop\libtomcrypt-develop\msvc_win32_release\intermediate\rc4_stream_memory.obj
c:\dev\security\keylogger-master\windows\keylogger.win32\keylogger.win32\libtomcrypt-develop\libtomcrypt-develop\msvc_win32_release\intermediate\rc4_stream.obj
c:\dev\security\keylogger-master\windows\keylogger.win32\keylogger.win32\libtomcrypt-develop\libtomcrypt-develop\msvc_win32_release\intermediate\rabbit_memory.obj
c:\dev\security\keylogger-master\windows\keylogger.win32\keylogger.win32\libtomcrypt-develop\libtomcrypt-develop\msvc_win32_release\intermediate\rabbit.obj
c:\dev\security\keylogger-master\windows\keylogger.win32\keylogger.win32\libtomcrypt-develop\libtomcrypt-develop\msvc_win32_release\intermediate\chacha_test.obj
c:\dev\security\keylogger-master\windows\keylogger.win32\keylogger.win32\libtomcrypt-develop\libtomcrypt-develop\msvc_win32_release\intermediate\chacha_setup.obj
c:\dev\security\keylogger-master\windows\keylogger.win32\keylogger.win32\libtomcrypt-develop\libtomcrypt-develop\msvc_win32_release\intermediate\sosemanuk_test.obj
c:\dev\security\keylogger-master\windows\keylogger.win32\keylogger.win32\libtomcrypt-develop\libtomcrypt-develop\msvc_win32_release\intermediate\sosemanuk_memory.obj
c:\dev\security\keylogger-master\windows\keylogger.win32\keylogger.win32\libtomcrypt-develop\libtomcrypt-develop\msvc_win32_release\intermediate\sosemanuk.obj
c:\dev\security\keylogger-master\windows\keylogger.win32\keylogger.win32\libtomcrypt-develop\libtomcrypt-develop\msvc_win32_release\tomcrypt.lib
c:\dev\security\keylogger-master\windows\keylogger.win32\keylogger.win32\libtomcrypt-develop\libtomcrypt-develop\msvc_win32_release\intermediate\libtomcrypt.tlog\cl.command.1.tlog
c:\dev\security\keylogger-master\windows\keylogger.win32\keylogger.win32\libtomcrypt-develop\libtomcrypt-develop\msvc_win32_release\intermediate\libtomcrypt.tlog\cl.read.1.tlog
c:\dev\security\keylogger-master\windows\keylogger.win32\keylogger.win32\libtomcrypt-develop\libtomcrypt-develop\msvc_win32_release\intermediate\libtomcrypt.tlog\cl.write.1.tlog
c:\dev\security\keylogger-master\windows\keylogger.win32\keylogger.win32\libtomcrypt-develop\libtomcrypt-develop\msvc_win32_release\intermediate\libtomcrypt.tlog\lib-link.read.1.tlog
c:\dev\security\keylogger-master\windows\keylogger.win32\keylogger.win32\libtomcrypt-develop\libtomcrypt-develop\msvc_win32_release\intermediate\libtomcrypt.tlog\lib-link.write.1.tlog
c:\dev\security\keylogger-master\windows\keylogger.win32\keylogger.win32\libtomcrypt-develop\libtomcrypt-develop\msvc_win32_release\intermediate\libtomcrypt.tlog\lib.command.1.tlog
