c:\dev\security\keylogger-master\windows\keylogger.win32\keylogger.win32\lua-5.4.2\src\debug\lua-5.4.2.pdb
c:\dev\security\keylogger-master\windows\keylogger.win32\keylogger.win32\lua-5.4.2\src\debug\lua-5.4.2.idb
c:\dev\security\keylogger-master\windows\keylogger.win32\keylogger.win32\lua-5.4.2\src\debug\lopcodes.obj
c:\dev\security\keylogger-master\windows\keylogger.win32\keylogger.win32\lua-5.4.2\src\debug\lobject.obj
c:\dev\security\keylogger-master\windows\keylogger.win32\keylogger.win32\lua-5.4.2\src\debug\loadlib.obj
c:\dev\security\keylogger-master\windows\keylogger.win32\keylogger.win32\lua-5.4.2\src\debug\lmem.obj
c:\dev\security\keylogger-master\windows\keylogger.win32\keylogger.win32\lua-5.4.2\src\debug\lmathlib.obj
c:\dev\security\keylogger-master\windows\keylogger.win32\keylogger.win32\lua-5.4.2\src\debug\llex.obj
c:\dev\security\keylogger-master\windows\keylogger.win32\keylogger.win32\lua-5.4.2\src\debug\liolib.obj
c:\dev\security\keylogger-master\windows\keylogger.win32\keylogger.win32\lua-5.4.2\src\debug\linit.obj
c:\dev\security\keylogger-master\windows\keylogger.win32\keylogger.win32\lua-5.4.2\src\debug\lgc.obj
c:\dev\security\keylogger-master\windows\keylogger.win32\keylogger.win32\lua-5.4.2\src\debug\lfunc.obj
c:\dev\security\keylogger-master\windows\keylogger.win32\keylogger.win32\lua-5.4.2\src\debug\ldump.obj
c:\dev\security\keylogger-master\windows\keylogger.win32\keylogger.win32\lua-5.4.2\src\debug\ldo.obj
c:\dev\security\keylogger-master\windows\keylogger.win32\keylogger.win32\lua-5.4.2\src\debug\ldebug.obj
c:\dev\security\keylogger-master\windows\keylogger.win32\keylogger.win32\lua-5.4.2\src\debug\ldblib.obj
c:\dev\security\keylogger-master\windows\keylogger.win32\keylogger.win32\lua-5.4.2\src\debug\lctype.obj
c:\dev\security\keylogger-master\windows\keylogger.win32\keylogger.win32\lua-5.4.2\src\debug\lcorolib.obj
c:\dev\security\keylogger-master\windows\keylogger.win32\keylogger.win32\lua-5.4.2\src\debug\lcode.obj
c:\dev\security\keylogger-master\windows\keylogger.win32\keylogger.win32\lua-5.4.2\src\debug\lbaselib.obj
c:\dev\security\keylogger-master\windows\keylogger.win32\keylogger.win32\lua-5.4.2\src\debug\lauxlib.obj
c:\dev\security\keylogger-master\windows\keylogger.win32\keylogger.win32\lua-5.4.2\src\debug\lapi.obj
c:\dev\security\keylogger-master\windows\keylogger.win32\keylogger.win32\lua-5.4.2\src\debug\lzio.obj
c:\dev\security\keylogger-master\windows\keylogger.win32\keylogger.win32\lua-5.4.2\src\debug\lvm.obj
c:\dev\security\keylogger-master\windows\keylogger.win32\keylogger.win32\lua-5.4.2\src\debug\lutf8lib.obj
c:\dev\security\keylogger-master\windows\keylogger.win32\keylogger.win32\lua-5.4.2\src\debug\lundump.obj
c:\dev\security\keylogger-master\windows\keylogger.win32\keylogger.win32\lua-5.4.2\src\debug\luac.obj
c:\dev\security\keylogger-master\windows\keylogger.win32\keylogger.win32\lua-5.4.2\src\debug\lua.obj
c:\dev\security\keylogger-master\windows\keylogger.win32\keylogger.win32\lua-5.4.2\src\debug\ltm.obj
c:\dev\security\keylogger-master\windows\keylogger.win32\keylogger.win32\lua-5.4.2\src\debug\ltablib.obj
c:\dev\security\keylogger-master\windows\keylogger.win32\keylogger.win32\lua-5.4.2\src\debug\ltable.obj
c:\dev\security\keylogger-master\windows\keylogger.win32\keylogger.win32\lua-5.4.2\src\debug\lstrlib.obj
c:\dev\security\keylogger-master\windows\keylogger.win32\keylogger.win32\lua-5.4.2\src\debug\lstring.obj
c:\dev\security\keylogger-master\windows\keylogger.win32\keylogger.win32\lua-5.4.2\src\debug\lstate.obj
c:\dev\security\keylogger-master\windows\keylogger.win32\keylogger.win32\lua-5.4.2\src\debug\lparser.obj
c:\dev\security\keylogger-master\windows\keylogger.win32\keylogger.win32\lua-5.4.2\src\debug\loslib.obj
c:\dev\security\keylogger-master\windows\keylogger.win32\keylogger.win32\debug\lua-5.4.2.lib
c:\dev\security\keylogger-master\windows\keylogger.win32\keylogger.win32\lua-5.4.2\src\debug\lua-5.4.2.tlog\cl.command.1.tlog
c:\dev\security\keylogger-master\windows\keylogger.win32\keylogger.win32\lua-5.4.2\src\debug\lua-5.4.2.tlog\cl.read.1.tlog
c:\dev\security\keylogger-master\windows\keylogger.win32\keylogger.win32\lua-5.4.2\src\debug\lua-5.4.2.tlog\cl.write.1.tlog
c:\dev\security\keylogger-master\windows\keylogger.win32\keylogger.win32\lua-5.4.2\src\debug\lua-5.4.2.tlog\lib-link.read.1.tlog
c:\dev\security\keylogger-master\windows\keylogger.win32\keylogger.win32\lua-5.4.2\src\debug\lua-5.4.2.tlog\lib-link.write.1.tlog
c:\dev\security\keylogger-master\windows\keylogger.win32\keylogger.win32\lua-5.4.2\src\debug\lua-5.4.2.tlog\lib.command.1.tlog
